12/08/2014 18:59:40 [Vixen.Sys.VixenSystem] Vixen System starting up... 
12/08/2014 18:59:41 [Vixen.Sys.State.Execution.OpeningState] Vixen execution engine entering the open state... 
12/08/2014 18:59:41 [Vixen.Sys.State.Execution.OpenState] Vixen execution engine entered the open state. 
12/08/2014 18:59:41 [Vixen.Sys.VixenSystem] Vixen System successfully started. 
12/08/2014 20:15:11 [Vixen.Sys.VixenSystem] Vixen System starting up... 
12/08/2014 20:15:12 [Vixen.Sys.State.Execution.OpeningState] Vixen execution engine entering the open state... 
12/08/2014 20:15:12 [Vixen.Sys.State.Execution.OpenState] Vixen execution engine entered the open state. 
12/08/2014 20:15:12 [Vixen.Sys.VixenSystem] Vixen System successfully started. 
12/08/2014 20:15:23 [Vixen.Sys.State.Execution.ClosingState] Vixen execution engine entering the closing state... 
12/08/2014 20:15:27 [Vixen.Sys.State.Execution.ClosedState] Vixen execution engine entered the closed state. 
12/08/2014 20:15:27 [Vixen.Sys.State.Execution.OpeningState] Vixen execution engine entering the open state... 
12/08/2014 20:15:27 [Vixen.Sys.State.Execution.OpenState] Vixen execution engine entered the open state. 
12/08/2014 20:43:31 [Vixen.Sys.VixenSystem] Vixen System stopping... 
12/08/2014 20:43:31 [Vixen.Sys.State.Execution.ClosingState] Vixen execution engine entering the closing state... 
12/08/2014 20:43:31 [Vixen.Sys.State.Execution.ClosedState] Vixen execution engine entered the closed state. 
12/08/2014 20:43:31 [Vixen.Sys.VixenSystem] Vixen System successfully stopped. 
12/08/2014 20:45:30 [Vixen.Sys.VixenSystem] Vixen System starting up... 
12/08/2014 20:45:31 [Vixen.Sys.State.Execution.OpeningState] Vixen execution engine entering the open state... 
12/08/2014 20:45:31 [Vixen.Sys.State.Execution.OpenState] Vixen execution engine entered the open state. 
12/08/2014 20:45:31 [Vixen.Sys.VixenSystem] Vixen System successfully started. 
12/08/2014 21:41:45 [Vixen.Sys.VixenSystem] Vixen System starting up... 
12/08/2014 21:41:46 [Vixen.Sys.State.Execution.OpeningState] Vixen execution engine entering the open state... 
12/08/2014 21:41:47 [Vixen.Sys.State.Execution.OpenState] Vixen execution engine entered the open state. 
12/08/2014 21:41:47 [Vixen.Sys.VixenSystem] Vixen System successfully started. 
12/08/2014 21:41:58 [Vixen.Sys.State.Execution.ClosingState] Vixen execution engine entering the closing state... 
12/08/2014 21:41:59 [Vixen.Sys.State.Execution.ClosedState] Vixen execution engine entered the closed state. 
12/08/2014 21:41:59 [Vixen.Sys.State.Execution.OpeningState] Vixen execution engine entering the open state... 
12/08/2014 21:41:59 [Vixen.Sys.State.Execution.OpenState] Vixen execution engine entered the open state. 
12/08/2014 21:42:49 [Vixen.Sys.VixenSystem] Vixen System stopping... 
12/08/2014 21:42:49 [Vixen.Sys.State.Execution.ClosingState] Vixen execution engine entering the closing state... 
12/08/2014 21:42:49 [Vixen.Sys.State.Execution.ClosedState] Vixen execution engine entered the closed state. 
12/08/2014 21:42:49 [Vixen.Sys.VixenSystem] Vixen System successfully stopped. 
12/08/2014 21:43:06 [Vixen.Sys.VixenSystem] Vixen System starting up... 
12/08/2014 21:43:07 [Vixen.Sys.State.Execution.OpeningState] Vixen execution engine entering the open state... 
12/08/2014 21:43:08 [Vixen.Sys.State.Execution.OpenState] Vixen execution engine entered the open state. 
12/08/2014 21:43:08 [Vixen.Sys.VixenSystem] Vixen System successfully started. 
12/08/2014 21:44:41 [Vixen.Sys.VixenSystem] Vixen System stopping... 
12/08/2014 21:44:41 [Vixen.Sys.State.Execution.ClosingState] Vixen execution engine entering the closing state... 
12/08/2014 21:44:42 [Vixen.Sys.State.Execution.ClosedState] Vixen execution engine entered the closed state. 
12/08/2014 21:44:42 [Vixen.Sys.VixenSystem] Vixen System successfully stopped. 
12/08/2014 21:44:57 [Vixen.Sys.VixenSystem] Vixen System starting up... 
12/08/2014 21:44:58 [Vixen.Sys.State.Execution.OpeningState] Vixen execution engine entering the open state... 
12/08/2014 21:44:58 [Vixen.Sys.State.Execution.OpenState] Vixen execution engine entered the open state. 
12/08/2014 21:44:58 [Vixen.Sys.VixenSystem] Vixen System successfully started. 
12/08/2014 21:45:55 [Vixen.Sys.VixenSystem] Vixen System stopping... 
12/08/2014 21:45:55 [Vixen.Sys.State.Execution.ClosingState] Vixen execution engine entering the closing state... 
12/08/2014 21:45:55 [Vixen.Sys.State.Execution.ClosedState] Vixen execution engine entered the closed state. 
12/08/2014 21:45:55 [Vixen.Sys.VixenSystem] Vixen System successfully stopped. 
12/09/2014 00:07:53 [Vixen.Sys.VixenSystem] Vixen System starting up... 
12/09/2014 00:07:54 [Vixen.Sys.State.Execution.OpeningState] Vixen execution engine entering the open state... 
12/09/2014 00:07:54 [Vixen.Sys.State.Execution.OpenState] Vixen execution engine entered the open state. 
12/09/2014 00:07:54 [Vixen.Sys.VixenSystem] Vixen System successfully started. 
12/09/2014 00:13:05 [Vixen.Sys.VixenSystem] Vixen System stopping... 
12/09/2014 00:13:05 [Vixen.Sys.State.Execution.ClosingState] Vixen execution engine entering the closing state... 
12/09/2014 00:13:05 [Vixen.Sys.State.Execution.ClosedState] Vixen execution engine entered the closed state. 
12/09/2014 00:13:06 [Vixen.Sys.VixenSystem] Vixen System successfully stopped. 
12/09/2014 20:36:23 [Vixen.Sys.VixenSystem] Vixen System starting up... 
12/09/2014 20:36:25 [Vixen.Sys.State.Execution.OpeningState] Vixen execution engine entering the open state... 
12/09/2014 20:36:25 [Vixen.Sys.State.Execution.OpenState] Vixen execution engine entered the open state. 
12/09/2014 20:36:25 [Vixen.Sys.VixenSystem] Vixen System successfully started. 
12/09/2014 20:48:59 [Vixen.Sys.VixenSystem] Vixen System stopping... 
12/09/2014 20:48:59 [Vixen.Sys.State.Execution.ClosingState] Vixen execution engine entering the closing state... 
12/09/2014 20:48:59 [Vixen.Sys.State.Execution.ClosedState] Vixen execution engine entered the closed state. 
12/09/2014 20:48:59 [Vixen.Sys.VixenSystem] Vixen System successfully stopped. 
12/09/2014 20:51:09 [Vixen.Sys.VixenSystem] Vixen System starting up... 
12/09/2014 20:51:10 [Vixen.Sys.State.Execution.OpeningState] Vixen execution engine entering the open state... 
12/09/2014 20:51:10 [Vixen.Sys.State.Execution.OpenState] Vixen execution engine entered the open state. 
12/09/2014 20:51:10 [Vixen.Sys.VixenSystem] Vixen System successfully started. 
12/09/2014 20:52:09 [Vixen.Sys.VixenSystem] Vixen System stopping... 
12/09/2014 20:52:09 [Vixen.Sys.State.Execution.ClosingState] Vixen execution engine entering the closing state... 
12/09/2014 20:52:09 [Vixen.Sys.State.Execution.ClosedState] Vixen execution engine entered the closed state. 
12/09/2014 20:52:09 [Vixen.Sys.VixenSystem] Vixen System successfully stopped. 
12/09/2014 20:57:32 [Vixen.Sys.VixenSystem] Vixen System starting up... 
12/09/2014 20:57:33 [Vixen.Sys.State.Execution.OpeningState] Vixen execution engine entering the open state... 
12/09/2014 20:57:33 [Vixen.Sys.State.Execution.OpenState] Vixen execution engine entered the open state. 
12/09/2014 20:57:33 [Vixen.Sys.VixenSystem] Vixen System successfully started. 
12/09/2014 20:58:24 [Vixen.Sys.VixenSystem] Vixen System stopping... 
12/09/2014 20:58:24 [Vixen.Sys.State.Execution.ClosingState] Vixen execution engine entering the closing state... 
12/09/2014 20:58:25 [Vixen.Sys.State.Execution.ClosedState] Vixen execution engine entered the closed state. 
12/09/2014 20:58:25 [Vixen.Sys.VixenSystem] Vixen System successfully stopped. 
12/09/2014 23:39:32 [Vixen.Sys.VixenSystem] Vixen System starting up... 
12/09/2014 23:39:33 [Vixen.Sys.State.Execution.OpeningState] Vixen execution engine entering the open state... 
12/09/2014 23:39:33 [Vixen.Sys.State.Execution.OpenState] Vixen execution engine entered the open state. 
12/09/2014 23:39:33 [Vixen.Sys.VixenSystem] Vixen System successfully started. 
12/09/2014 23:40:22 [Vixen.Sys.VixenSystem] Vixen System stopping... 
12/09/2014 23:40:22 [Vixen.Sys.State.Execution.ClosingState] Vixen execution engine entering the closing state... 
12/09/2014 23:40:22 [Vixen.Sys.State.Execution.ClosedState] Vixen execution engine entered the closed state. 
12/09/2014 23:40:22 [Vixen.Sys.VixenSystem] Vixen System successfully stopped. 
12/10/2014 00:49:10 [Vixen.Sys.VixenSystem] Vixen System starting up... 
12/10/2014 00:49:11 [Vixen.Sys.State.Execution.OpeningState] Vixen execution engine entering the open state... 
12/10/2014 00:49:12 [Vixen.Sys.State.Execution.OpenState] Vixen execution engine entered the open state. 
12/10/2014 00:49:12 [Vixen.Sys.VixenSystem] Vixen System successfully started. 
12/10/2014 00:50:10 [Vixen.Sys.VixenSystem] Vixen System stopping... 
12/10/2014 00:50:10 [Vixen.Sys.State.Execution.ClosingState] Vixen execution engine entering the closing state... 
12/10/2014 00:50:10 [Vixen.Sys.State.Execution.ClosedState] Vixen execution engine entered the closed state. 
12/10/2014 00:50:11 [Vixen.Sys.VixenSystem] Vixen System successfully stopped. 
12/10/2014 01:03:30 [Vixen.Sys.VixenSystem] Vixen System starting up... 
12/10/2014 01:03:31 [Vixen.Sys.State.Execution.OpeningState] Vixen execution engine entering the open state... 
12/10/2014 01:03:31 [Vixen.Sys.State.Execution.OpenState] Vixen execution engine entered the open state. 
12/10/2014 01:03:31 [Vixen.Sys.VixenSystem] Vixen System successfully started. 
12/10/2014 01:03:42 [Vixen.Sys.VixenSystem] Vixen System stopping... 
12/10/2014 01:03:42 [Vixen.Sys.State.Execution.ClosingState] Vixen execution engine entering the closing state... 
12/10/2014 01:03:42 [Vixen.Sys.State.Execution.ClosedState] Vixen execution engine entered the closed state. 
12/10/2014 01:03:42 [Vixen.Sys.VixenSystem] Vixen System successfully stopped. 
12/10/2014 01:03:54 [Vixen.Sys.VixenSystem] Vixen System starting up... 
12/10/2014 01:03:55 [Vixen.Sys.State.Execution.OpeningState] Vixen execution engine entering the open state... 
12/10/2014 01:03:56 [Vixen.Sys.State.Execution.OpenState] Vixen execution engine entered the open state. 
12/10/2014 01:03:56 [Vixen.Sys.VixenSystem] Vixen System successfully started. 
12/10/2014 01:04:03 [Vixen.Sys.VixenSystem] Vixen System stopping... 
12/10/2014 01:04:03 [Vixen.Sys.State.Execution.ClosingState] Vixen execution engine entering the closing state... 
12/10/2014 01:04:04 [Vixen.Sys.State.Execution.ClosedState] Vixen execution engine entered the closed state. 
12/10/2014 01:04:04 [Vixen.Sys.VixenSystem] Vixen System successfully stopped. 
12/10/2014 01:18:42 [Vixen.Sys.VixenSystem] Vixen System starting up... 
12/10/2014 01:18:43 [Vixen.Sys.State.Execution.OpeningState] Vixen execution engine entering the open state... 
12/10/2014 01:18:43 [Vixen.Sys.State.Execution.OpenState] Vixen execution engine entered the open state. 
12/10/2014 01:18:43 [Vixen.Sys.VixenSystem] Vixen System successfully started. 
12/10/2014 01:19:08 [Vixen.Sys.VixenSystem] Vixen System stopping... 
12/10/2014 01:19:08 [Vixen.Sys.State.Execution.ClosingState] Vixen execution engine entering the closing state... 
12/10/2014 01:19:08 [Vixen.Sys.State.Execution.ClosedState] Vixen execution engine entered the closed state. 
12/10/2014 01:19:08 [Vixen.Sys.VixenSystem] Vixen System successfully stopped. 
12/10/2014 01:19:13 [Vixen.Sys.VixenSystem] Vixen System starting up... 
12/10/2014 01:19:14 [Vixen.Sys.State.Execution.OpeningState] Vixen execution engine entering the open state... 
12/10/2014 01:19:14 [Vixen.Sys.State.Execution.OpenState] Vixen execution engine entered the open state. 
12/10/2014 01:19:14 [Vixen.Sys.VixenSystem] Vixen System successfully started. 
12/10/2014 01:19:29 [Vixen.Sys.VixenSystem] Vixen System stopping... 
12/10/2014 01:19:29 [Vixen.Sys.State.Execution.ClosingState] Vixen execution engine entering the closing state... 
12/10/2014 01:19:29 [Vixen.Sys.State.Execution.ClosedState] Vixen execution engine entered the closed state. 
12/10/2014 01:19:29 [Vixen.Sys.VixenSystem] Vixen System successfully stopped. 
12/10/2014 01:19:51 [Vixen.Sys.VixenSystem] Vixen System starting up... 
12/10/2014 01:19:53 [Vixen.Sys.State.Execution.OpeningState] Vixen execution engine entering the open state... 
12/10/2014 01:19:53 [Vixen.Sys.State.Execution.OpenState] Vixen execution engine entered the open state. 
12/10/2014 01:19:53 [Vixen.Sys.VixenSystem] Vixen System successfully started. 
12/10/2014 01:20:02 [Vixen.Sys.VixenSystem] Vixen System stopping... 
12/10/2014 01:20:02 [Vixen.Sys.State.Execution.ClosingState] Vixen execution engine entering the closing state... 
12/10/2014 01:20:02 [Vixen.Sys.State.Execution.ClosedState] Vixen execution engine entered the closed state. 
12/10/2014 01:20:02 [Vixen.Sys.VixenSystem] Vixen System successfully stopped. 
12/10/2014 01:24:22 [Vixen.Sys.VixenSystem] Vixen System starting up... 
12/10/2014 01:24:23 [Vixen.Sys.State.Execution.OpeningState] Vixen execution engine entering the open state... 
12/10/2014 01:24:24 [Vixen.Sys.State.Execution.OpenState] Vixen execution engine entered the open state. 
12/10/2014 01:24:24 [Vixen.Sys.VixenSystem] Vixen System successfully started. 
12/10/2014 01:24:40 [Vixen.Sys.VixenSystem] Vixen System stopping... 
12/10/2014 01:24:40 [Vixen.Sys.State.Execution.ClosingState] Vixen execution engine entering the closing state... 
12/10/2014 01:24:40 [Vixen.Sys.State.Execution.ClosedState] Vixen execution engine entered the closed state. 
12/10/2014 01:24:40 [Vixen.Sys.VixenSystem] Vixen System successfully stopped. 
12/10/2014 01:28:03 [Vixen.Sys.VixenSystem] Vixen System starting up... 
12/10/2014 01:28:04 [Vixen.Sys.State.Execution.OpeningState] Vixen execution engine entering the open state... 
12/10/2014 01:28:04 [Vixen.Sys.State.Execution.OpenState] Vixen execution engine entered the open state. 
12/10/2014 01:28:04 [Vixen.Sys.VixenSystem] Vixen System successfully started. 
12/10/2014 01:30:01 [Vixen.Sys.VixenSystem] Vixen System stopping... 
12/10/2014 01:30:01 [Vixen.Sys.State.Execution.ClosingState] Vixen execution engine entering the closing state... 
12/10/2014 01:30:01 [Vixen.Sys.State.Execution.ClosedState] Vixen execution engine entered the closed state. 
12/10/2014 01:30:02 [Vixen.Sys.VixenSystem] Vixen System successfully stopped. 
12/10/2014 01:39:31 [Vixen.Sys.VixenSystem] Vixen System starting up... 
12/10/2014 01:39:32 [Vixen.Sys.State.Execution.OpeningState] Vixen execution engine entering the open state... 
12/10/2014 01:39:32 [Vixen.Sys.State.Execution.OpenState] Vixen execution engine entered the open state. 
12/10/2014 01:39:32 [Vixen.Sys.VixenSystem] Vixen System successfully started. 
12/10/2014 02:43:46 [Vixen.Sys.VixenSystem] Vixen System stopping... 
12/10/2014 02:43:46 [Vixen.Sys.State.Execution.ClosingState] Vixen execution engine entering the closing state... 
12/10/2014 02:43:54 [Vixen.Sys.State.Execution.ClosedState] Vixen execution engine entered the closed state. 
12/10/2014 02:43:55 [Vixen.Sys.VixenSystem] Vixen System successfully stopped. 
12/10/2014 02:44:11 [Vixen.Sys.VixenSystem] Vixen System starting up... 
12/10/2014 02:44:12 [Vixen.Sys.State.Execution.OpeningState] Vixen execution engine entering the open state... 
12/10/2014 02:44:12 [Vixen.Sys.State.Execution.OpenState] Vixen execution engine entered the open state. 
12/10/2014 02:44:12 [Vixen.Sys.VixenSystem] Vixen System successfully started. 
12/10/2014 02:45:18 [Vixen.Sys.VixenSystem] Vixen System stopping... 
12/10/2014 02:45:18 [Vixen.Sys.State.Execution.ClosingState] Vixen execution engine entering the closing state... 
12/10/2014 02:45:18 [Vixen.Sys.State.Execution.ClosedState] Vixen execution engine entered the closed state. 
12/10/2014 02:45:18 [Vixen.Sys.VixenSystem] Vixen System successfully stopped. 
12/10/2014 07:14:18 [Vixen.Sys.VixenSystem] Vixen System starting up... 
12/10/2014 07:14:19 [Vixen.Sys.State.Execution.OpeningState] Vixen execution engine entering the open state... 
12/10/2014 07:14:19 [Vixen.Sys.State.Execution.OpenState] Vixen execution engine entered the open state. 
12/10/2014 07:14:19 [Vixen.Sys.VixenSystem] Vixen System successfully started. 
12/10/2014 08:02:59 [Vixen.Sys.VixenSystem] Vixen System stopping... 
12/10/2014 08:02:59 [Vixen.Sys.State.Execution.ClosingState] Vixen execution engine entering the closing state... 
12/10/2014 08:02:59 [Vixen.Sys.State.Execution.ClosedState] Vixen execution engine entered the closed state. 
12/10/2014 08:02:59 [Vixen.Sys.VixenSystem] Vixen System successfully stopped. 
12/10/2014 23:02:30 [Vixen.Sys.VixenSystem] Vixen System starting up... 
12/10/2014 23:02:32 [Vixen.Sys.State.Execution.OpeningState] Vixen execution engine entering the open state... 
12/10/2014 23:02:32 [Vixen.Sys.State.Execution.OpenState] Vixen execution engine entered the open state. 
12/10/2014 23:02:32 [Vixen.Sys.VixenSystem] Vixen System successfully started. 
12/10/2014 23:05:54 [Vixen.Sys.VixenSystem] Vixen System stopping... 
12/10/2014 23:05:54 [Vixen.Sys.State.Execution.ClosingState] Vixen execution engine entering the closing state... 
12/10/2014 23:05:54 [Vixen.Sys.State.Execution.ClosedState] Vixen execution engine entered the closed state. 
12/10/2014 23:05:54 [Vixen.Sys.VixenSystem] Vixen System successfully stopped. 
12/10/2014 23:06:06 [Vixen.Sys.VixenSystem] Vixen System starting up... 
12/10/2014 23:06:07 [Vixen.Sys.State.Execution.OpeningState] Vixen execution engine entering the open state... 
12/10/2014 23:06:08 [Vixen.Sys.State.Execution.OpenState] Vixen execution engine entered the open state. 
12/10/2014 23:06:08 [Vixen.Sys.VixenSystem] Vixen System successfully started. 
12/10/2014 23:06:52 [Vixen.Sys.VixenSystem] Vixen System stopping... 
12/10/2014 23:06:52 [Vixen.Sys.State.Execution.ClosingState] Vixen execution engine entering the closing state... 
12/10/2014 23:06:52 [Vixen.Sys.State.Execution.ClosedState] Vixen execution engine entered the closed state. 
12/10/2014 23:06:52 [Vixen.Sys.VixenSystem] Vixen System successfully stopped. 
12/10/2014 23:07:37 [Vixen.Sys.VixenSystem] Vixen System starting up... 
12/10/2014 23:07:38 [Vixen.Sys.State.Execution.OpeningState] Vixen execution engine entering the open state... 
12/10/2014 23:07:38 [Vixen.Sys.State.Execution.OpenState] Vixen execution engine entered the open state. 
12/10/2014 23:07:38 [Vixen.Sys.VixenSystem] Vixen System successfully started. 
12/10/2014 23:10:38 [Vixen.Sys.VixenSystem] Vixen System stopping... 
12/10/2014 23:10:38 [Vixen.Sys.State.Execution.ClosingState] Vixen execution engine entering the closing state... 
12/10/2014 23:10:38 [Vixen.Sys.State.Execution.ClosedState] Vixen execution engine entered the closed state. 
12/10/2014 23:10:39 [Vixen.Sys.VixenSystem] Vixen System successfully stopped. 
12/10/2014 23:15:33 [Vixen.Sys.VixenSystem] Vixen System starting up... 
12/10/2014 23:15:34 [Vixen.Sys.State.Execution.OpeningState] Vixen execution engine entering the open state... 
12/10/2014 23:15:34 [Vixen.Sys.State.Execution.OpenState] Vixen execution engine entered the open state. 
12/10/2014 23:15:34 [Vixen.Sys.VixenSystem] Vixen System successfully started. 
12/10/2014 23:15:54 [Vixen.Sys.VixenSystem] Vixen System stopping... 
12/10/2014 23:15:54 [Vixen.Sys.State.Execution.ClosingState] Vixen execution engine entering the closing state... 
12/10/2014 23:15:55 [Vixen.Sys.State.Execution.ClosedState] Vixen execution engine entered the closed state. 
12/10/2014 23:15:55 [Vixen.Sys.VixenSystem] Vixen System successfully stopped. 
12/10/2014 23:40:42 [Vixen.Sys.VixenSystem] Vixen System starting up... 
12/10/2014 23:40:44 [Vixen.Sys.State.Execution.OpeningState] Vixen execution engine entering the open state... 
12/10/2014 23:40:44 [Vixen.Sys.State.Execution.OpenState] Vixen execution engine entered the open state. 
12/10/2014 23:40:44 [Vixen.Sys.VixenSystem] Vixen System successfully started. 
12/10/2014 23:43:17 [Vixen.Sys.VixenSystem] Vixen System stopping... 
12/10/2014 23:43:17 [Vixen.Sys.State.Execution.ClosingState] Vixen execution engine entering the closing state... 
12/10/2014 23:43:17 [Vixen.Sys.State.Execution.ClosedState] Vixen execution engine entered the closed state. 
12/10/2014 23:43:17 [Vixen.Sys.VixenSystem] Vixen System successfully stopped. 
12/10/2014 23:58:01 [Vixen.Sys.VixenSystem] Vixen System starting up... 
12/10/2014 23:58:02 [Vixen.Sys.State.Execution.OpeningState] Vixen execution engine entering the open state... 
12/10/2014 23:58:02 [Vixen.Sys.State.Execution.OpenState] Vixen execution engine entered the open state. 
12/10/2014 23:58:02 [Vixen.Sys.VixenSystem] Vixen System successfully started. 
12/10/2014 23:59:46 [Vixen.Sys.VixenSystem] Vixen System stopping... 
12/10/2014 23:59:46 [Vixen.Sys.State.Execution.ClosingState] Vixen execution engine entering the closing state... 
12/10/2014 23:59:46 [Vixen.Sys.State.Execution.ClosedState] Vixen execution engine entered the closed state. 
12/10/2014 23:59:46 [Vixen.Sys.VixenSystem] Vixen System successfully stopped. 
12/11/2014 00:00:49 [Vixen.Sys.VixenSystem] Vixen System starting up... 
12/11/2014 00:00:50 [Vixen.Sys.State.Execution.OpeningState] Vixen execution engine entering the open state... 
12/11/2014 00:00:51 [Vixen.Sys.State.Execution.OpenState] Vixen execution engine entered the open state. 
12/11/2014 00:00:51 [Vixen.Sys.VixenSystem] Vixen System successfully started. 
12/11/2014 00:01:37 [Vixen.Sys.VixenSystem] Vixen System stopping... 
12/11/2014 00:01:37 [Vixen.Sys.State.Execution.ClosingState] Vixen execution engine entering the closing state... 
12/11/2014 00:01:38 [Vixen.Sys.State.Execution.ClosedState] Vixen execution engine entered the closed state. 
12/11/2014 00:01:38 [Vixen.Sys.VixenSystem] Vixen System successfully stopped. 
12/11/2014 00:01:49 [Vixen.Sys.VixenSystem] Vixen System starting up... 
12/11/2014 00:01:50 [Vixen.Sys.State.Execution.OpeningState] Vixen execution engine entering the open state... 
12/11/2014 00:01:50 [Vixen.Sys.State.Execution.OpenState] Vixen execution engine entered the open state. 
12/11/2014 00:01:50 [Vixen.Sys.VixenSystem] Vixen System successfully started. 
12/11/2014 00:03:13 [Vixen.Sys.VixenSystem] Vixen System stopping... 
12/11/2014 00:03:13 [Vixen.Sys.State.Execution.ClosingState] Vixen execution engine entering the closing state... 
12/11/2014 00:03:13 [Vixen.Sys.State.Execution.ClosedState] Vixen execution engine entered the closed state. 
12/11/2014 00:03:13 [Vixen.Sys.VixenSystem] Vixen System successfully stopped. 
12/11/2014 00:12:50 [Vixen.Sys.VixenSystem] Vixen System starting up... 
12/11/2014 00:12:52 [Vixen.Sys.State.Execution.OpeningState] Vixen execution engine entering the open state... 
12/11/2014 00:12:52 [Vixen.Sys.State.Execution.OpenState] Vixen execution engine entered the open state. 
12/11/2014 00:12:52 [Vixen.Sys.VixenSystem] Vixen System successfully started. 
12/11/2014 00:16:26 [Vixen.Sys.VixenSystem] Vixen System stopping... 
12/11/2014 00:16:26 [Vixen.Sys.State.Execution.ClosingState] Vixen execution engine entering the closing state... 
12/11/2014 00:16:26 [Vixen.Sys.State.Execution.ClosedState] Vixen execution engine entered the closed state. 
12/11/2014 00:16:27 [Vixen.Sys.VixenSystem] Vixen System successfully stopped. 
12/11/2014 00:27:45 [Vixen.Sys.VixenSystem] Vixen System starting up... 
12/11/2014 00:27:46 [Vixen.Sys.State.Execution.OpeningState] Vixen execution engine entering the open state... 
12/11/2014 00:27:47 [Vixen.Sys.State.Execution.OpenState] Vixen execution engine entered the open state. 
12/11/2014 00:27:47 [Vixen.Sys.VixenSystem] Vixen System successfully started. 
12/11/2014 00:27:56 [Vixen.Sys.VixenSystem] Vixen System stopping... 
12/11/2014 00:27:56 [Vixen.Sys.State.Execution.ClosingState] Vixen execution engine entering the closing state... 
12/11/2014 00:27:56 [Vixen.Sys.State.Execution.ClosedState] Vixen execution engine entered the closed state. 
12/11/2014 00:27:56 [Vixen.Sys.VixenSystem] Vixen System successfully stopped. 
12/11/2014 00:28:07 [Vixen.Sys.VixenSystem] Vixen System starting up... 
12/11/2014 00:28:08 [Vixen.Sys.State.Execution.OpeningState] Vixen execution engine entering the open state... 
12/11/2014 00:28:08 [Vixen.Sys.State.Execution.OpenState] Vixen execution engine entered the open state. 
12/11/2014 00:28:08 [Vixen.Sys.VixenSystem] Vixen System successfully started. 
12/11/2014 00:30:40 [Vixen.Sys.VixenSystem] Vixen System stopping... 
12/11/2014 00:30:41 [Vixen.Sys.State.Execution.ClosingState] Vixen execution engine entering the closing state... 
12/11/2014 00:30:41 [Vixen.Sys.State.Execution.ClosedState] Vixen execution engine entered the closed state. 
12/11/2014 00:30:41 [Vixen.Sys.VixenSystem] Vixen System successfully stopped. 
12/11/2014 00:39:28 [Vixen.Sys.VixenSystem] Vixen System starting up... 
12/11/2014 00:39:29 [Vixen.Sys.State.Execution.OpeningState] Vixen execution engine entering the open state... 
12/11/2014 00:39:29 [Vixen.Sys.State.Execution.OpenState] Vixen execution engine entered the open state. 
12/11/2014 00:39:29 [Vixen.Sys.VixenSystem] Vixen System successfully started. 
12/11/2014 00:43:34 [Vixen.Sys.VixenSystem] Vixen System stopping... 
12/11/2014 00:43:34 [Vixen.Sys.State.Execution.ClosingState] Vixen execution engine entering the closing state... 
12/11/2014 00:43:34 [Vixen.Sys.State.Execution.ClosedState] Vixen execution engine entered the closed state. 
12/11/2014 00:43:34 [Vixen.Sys.VixenSystem] Vixen System successfully stopped. 
12/11/2014 01:37:55 [Vixen.Sys.VixenSystem] Vixen System starting up... 
12/11/2014 01:37:56 [Vixen.Sys.State.Execution.OpeningState] Vixen execution engine entering the open state... 
12/11/2014 01:37:57 [Vixen.Sys.State.Execution.OpenState] Vixen execution engine entered the open state. 
12/11/2014 01:37:57 [Vixen.Sys.VixenSystem] Vixen System successfully started. 
12/11/2014 01:40:30 [Vixen.Sys.VixenSystem] Vixen System stopping... 
12/11/2014 01:40:30 [Vixen.Sys.State.Execution.ClosingState] Vixen execution engine entering the closing state... 
12/11/2014 01:40:30 [Vixen.Sys.State.Execution.ClosedState] Vixen execution engine entered the closed state. 
12/11/2014 01:40:30 [Vixen.Sys.VixenSystem] Vixen System successfully stopped. 
12/11/2014 01:42:42 [Vixen.Sys.VixenSystem] Vixen System starting up... 
12/11/2014 01:42:43 [Vixen.Sys.State.Execution.OpeningState] Vixen execution engine entering the open state... 
12/11/2014 01:42:44 [Vixen.Sys.State.Execution.OpenState] Vixen execution engine entered the open state. 
12/11/2014 01:42:44 [Vixen.Sys.VixenSystem] Vixen System successfully started. 
12/11/2014 01:50:09 [Vixen.Sys.VixenSystem] Vixen System stopping... 
12/11/2014 01:50:09 [Vixen.Sys.State.Execution.ClosingState] Vixen execution engine entering the closing state... 
12/11/2014 01:50:09 [Vixen.Sys.State.Execution.ClosedState] Vixen execution engine entered the closed state. 
12/11/2014 01:50:09 [Vixen.Sys.VixenSystem] Vixen System successfully stopped. 
12/12/2014 19:04:57 [Vixen.Sys.VixenSystem] Vixen System starting up... 
12/12/2014 19:05:00 [Vixen.Sys.State.Execution.OpeningState] Vixen execution engine entering the open state... 
12/12/2014 19:05:00 [Vixen.Sys.State.Execution.OpenState] Vixen execution engine entered the open state. 
12/12/2014 19:05:00 [Vixen.Sys.VixenSystem] Vixen System successfully started. 
12/12/2014 19:05:21 [Vixen.Sys.VixenSystem] Vixen System stopping... 
12/12/2014 19:05:21 [Vixen.Sys.State.Execution.ClosingState] Vixen execution engine entering the closing state... 
12/12/2014 19:05:25 [Vixen.Sys.State.Execution.ClosedState] Vixen execution engine entered the closed state. 
12/12/2014 19:05:25 [Vixen.Sys.VixenSystem] Vixen System successfully stopped. 
12/12/2014 19:05:50 [Vixen.Sys.VixenSystem] Vixen System starting up... 
12/12/2014 19:05:51 [Vixen.Sys.State.Execution.OpeningState] Vixen execution engine entering the open state... 
12/12/2014 19:05:51 [Vixen.Sys.State.Execution.OpenState] Vixen execution engine entered the open state. 
12/12/2014 19:05:51 [Vixen.Sys.VixenSystem] Vixen System successfully started. 
12/12/2014 19:07:02 [Vixen.Sys.VixenSystem] Vixen System stopping... 
12/12/2014 19:07:02 [Vixen.Sys.State.Execution.ClosingState] Vixen execution engine entering the closing state... 
12/12/2014 19:07:06 [Vixen.Sys.State.Execution.ClosedState] Vixen execution engine entered the closed state. 
12/12/2014 19:07:07 [Vixen.Sys.VixenSystem] Vixen System successfully stopped. 
12/12/2014 19:10:44 [Vixen.Sys.VixenSystem] Vixen System starting up... 
12/12/2014 19:10:45 [Vixen.Sys.State.Execution.OpeningState] Vixen execution engine entering the open state... 
12/12/2014 19:10:45 [Vixen.Sys.State.Execution.OpenState] Vixen execution engine entered the open state. 
12/12/2014 19:10:45 [Vixen.Sys.VixenSystem] Vixen System successfully started. 
12/12/2014 19:11:30 [Vixen.Sys.State.Execution.ClosingState] Vixen execution engine entering the closing state... 
12/12/2014 19:11:35 [Vixen.Sys.State.Execution.ClosedState] Vixen execution engine entered the closed state. 
12/12/2014 19:11:35 [Vixen.Sys.State.Execution.OpeningState] Vixen execution engine entering the open state... 
12/12/2014 19:11:35 [Vixen.Sys.State.Execution.OpenState] Vixen execution engine entered the open state. 
12/12/2014 19:12:02 [Vixen.Sys.VixenSystem] Vixen System stopping... 
12/12/2014 19:12:02 [Vixen.Sys.State.Execution.ClosingState] Vixen execution engine entering the closing state... 
12/12/2014 19:12:06 [Vixen.Sys.State.Execution.ClosedState] Vixen execution engine entered the closed state. 
12/12/2014 19:12:06 [Vixen.Sys.VixenSystem] Vixen System successfully stopped. 
12/12/2014 19:36:58 [Vixen.Sys.VixenSystem] Vixen System starting up... 
12/12/2014 19:36:59 [Vixen.Sys.State.Execution.OpeningState] Vixen execution engine entering the open state... 
12/12/2014 19:36:59 [Vixen.Sys.State.Execution.OpenState] Vixen execution engine entered the open state. 
12/12/2014 19:36:59 [Vixen.Sys.VixenSystem] Vixen System successfully started. 
12/12/2014 19:38:23 [Vixen.Sys.VixenSystem] Vixen System stopping... 
12/12/2014 19:38:23 [Vixen.Sys.State.Execution.ClosingState] Vixen execution engine entering the closing state... 
12/12/2014 19:38:23 [Vixen.Sys.State.Execution.ClosedState] Vixen execution engine entered the closed state. 
12/12/2014 19:38:23 [Vixen.Sys.VixenSystem] Vixen System successfully stopped. 
12/13/2014 19:09:10 [Vixen.Sys.VixenSystem] Vixen System starting up... 
12/13/2014 19:09:12 [Vixen.Sys.State.Execution.OpeningState] Vixen execution engine entering the open state... 
12/13/2014 19:09:12 [Vixen.Sys.State.Execution.OpenState] Vixen execution engine entered the open state. 
12/13/2014 19:09:12 [Vixen.Sys.VixenSystem] Vixen System successfully started. 
12/13/2014 19:11:30 [Vixen.Sys.VixenSystem] Vixen System stopping... 
12/13/2014 19:11:30 [Vixen.Sys.State.Execution.ClosingState] Vixen execution engine entering the closing state... 
12/13/2014 19:11:30 [Vixen.Sys.State.Execution.ClosedState] Vixen execution engine entered the closed state. 
12/13/2014 19:11:30 [Vixen.Sys.VixenSystem] Vixen System successfully stopped. 
12/13/2014 20:02:23 [Vixen.Sys.VixenSystem] Vixen System starting up... 
12/13/2014 20:02:24 [Vixen.Sys.State.Execution.OpeningState] Vixen execution engine entering the open state... 
12/13/2014 20:02:24 [Vixen.Sys.State.Execution.OpenState] Vixen execution engine entered the open state. 
12/13/2014 20:02:24 [Vixen.Sys.VixenSystem] Vixen System successfully started. 
12/13/2014 20:05:11 [Vixen.Sys.VixenSystem] Vixen System stopping... 
12/13/2014 20:05:11 [Vixen.Sys.State.Execution.ClosingState] Vixen execution engine entering the closing state... 
12/13/2014 20:05:11 [Vixen.Sys.State.Execution.ClosedState] Vixen execution engine entered the closed state. 
12/13/2014 20:05:11 [Vixen.Sys.VixenSystem] Vixen System successfully stopped. 
12/13/2014 20:05:16 [Vixen.Sys.VixenSystem] Vixen System starting up... 
12/13/2014 20:05:17 [Vixen.Sys.State.Execution.OpeningState] Vixen execution engine entering the open state... 
12/13/2014 20:05:17 [Vixen.Sys.State.Execution.OpenState] Vixen execution engine entered the open state. 
12/13/2014 20:05:17 [Vixen.Sys.VixenSystem] Vixen System successfully started. 
12/13/2014 20:06:53 [Vixen.Sys.State.Execution.ClosingState] Vixen execution engine entering the closing state... 
12/13/2014 20:06:53 [Vixen.Sys.State.Execution.ClosedState] Vixen execution engine entered the closed state. 
12/13/2014 20:06:53 [Vixen.Sys.State.Execution.OpeningState] Vixen execution engine entering the open state... 
12/13/2014 20:06:53 [Vixen.Sys.State.Execution.OpenState] Vixen execution engine entered the open state. 
12/13/2014 20:07:12 [Vixen.Sys.VixenSystem] Vixen System stopping... 
12/13/2014 20:07:12 [Vixen.Sys.State.Execution.ClosingState] Vixen execution engine entering the closing state... 
12/13/2014 20:07:13 [Vixen.Sys.State.Execution.ClosedState] Vixen execution engine entered the closed state. 
12/13/2014 20:07:13 [Vixen.Sys.VixenSystem] Vixen System successfully stopped. 
12/13/2014 20:07:18 [Vixen.Sys.VixenSystem] Vixen System starting up... 
12/13/2014 20:07:19 [Vixen.Sys.State.Execution.OpeningState] Vixen execution engine entering the open state... 
12/13/2014 20:07:19 [Vixen.Sys.State.Execution.OpenState] Vixen execution engine entered the open state. 
12/13/2014 20:07:19 [Vixen.Sys.VixenSystem] Vixen System successfully started. 
12/13/2014 20:08:16 [Vixen.Sys.VixenSystem] Vixen System stopping... 
12/13/2014 20:08:16 [Vixen.Sys.State.Execution.ClosingState] Vixen execution engine entering the closing state... 
12/13/2014 20:08:16 [Vixen.Sys.State.Execution.ClosedState] Vixen execution engine entered the closed state. 
12/13/2014 20:08:16 [Vixen.Sys.VixenSystem] Vixen System successfully stopped. 
12/13/2014 20:36:46 [Vixen.Sys.VixenSystem] Vixen System starting up... 
12/13/2014 20:36:47 [Vixen.Sys.State.Execution.OpeningState] Vixen execution engine entering the open state... 
12/13/2014 20:36:47 [Vixen.Sys.State.Execution.OpenState] Vixen execution engine entered the open state. 
12/13/2014 20:36:47 [Vixen.Sys.VixenSystem] Vixen System successfully started. 
12/13/2014 20:37:47 [Vixen.Sys.VixenSystem] Vixen System stopping... 
12/13/2014 20:37:47 [Vixen.Sys.State.Execution.ClosingState] Vixen execution engine entering the closing state... 
12/13/2014 20:37:47 [Vixen.Sys.State.Execution.ClosedState] Vixen execution engine entered the closed state. 
12/13/2014 20:37:48 [Vixen.Sys.VixenSystem] Vixen System successfully stopped. 
12/13/2014 21:01:38 [Vixen.Sys.VixenSystem] Vixen System starting up... 
12/13/2014 21:01:40 [Vixen.Sys.State.Execution.OpeningState] Vixen execution engine entering the open state... 
12/13/2014 21:01:40 [Vixen.Sys.State.Execution.OpenState] Vixen execution engine entered the open state. 
12/13/2014 21:01:40 [Vixen.Sys.VixenSystem] Vixen System successfully started. 
12/13/2014 21:03:32 [Vixen.Sys.VixenSystem] Vixen System stopping... 
12/13/2014 21:03:32 [Vixen.Sys.State.Execution.ClosingState] Vixen execution engine entering the closing state... 
12/13/2014 21:03:32 [Vixen.Sys.State.Execution.ClosedState] Vixen execution engine entered the closed state. 
12/13/2014 21:03:33 [Vixen.Sys.VixenSystem] Vixen System successfully stopped. 
12/13/2014 21:14:28 [Vixen.Sys.VixenSystem] Vixen System starting up... 
12/13/2014 21:14:29 [Vixen.Sys.State.Execution.OpeningState] Vixen execution engine entering the open state... 
12/13/2014 21:14:29 [Vixen.Sys.State.Execution.OpenState] Vixen execution engine entered the open state. 
12/13/2014 21:14:29 [Vixen.Sys.VixenSystem] Vixen System successfully started. 
12/13/2014 21:15:13 [Vixen.Sys.VixenSystem] Vixen System stopping... 
12/13/2014 21:15:13 [Vixen.Sys.State.Execution.ClosingState] Vixen execution engine entering the closing state... 
12/13/2014 21:15:13 [Vixen.Sys.State.Execution.ClosedState] Vixen execution engine entered the closed state. 
12/13/2014 21:15:13 [Vixen.Sys.VixenSystem] Vixen System successfully stopped. 
12/13/2014 21:18:00 [Vixen.Sys.VixenSystem] Vixen System starting up... 
12/13/2014 21:18:01 [Vixen.Sys.State.Execution.OpeningState] Vixen execution engine entering the open state... 
12/13/2014 21:18:02 [Vixen.Sys.State.Execution.OpenState] Vixen execution engine entered the open state. 
12/13/2014 21:18:02 [Vixen.Sys.VixenSystem] Vixen System successfully started. 
12/13/2014 21:19:18 [Vixen.Sys.VixenSystem] Vixen System stopping... 
12/13/2014 21:19:18 [Vixen.Sys.State.Execution.ClosingState] Vixen execution engine entering the closing state... 
12/13/2014 21:19:18 [Vixen.Sys.State.Execution.ClosedState] Vixen execution engine entered the closed state. 
12/13/2014 21:19:18 [Vixen.Sys.VixenSystem] Vixen System successfully stopped. 
12/13/2014 21:23:40 [Vixen.Sys.VixenSystem] Vixen System starting up... 
12/13/2014 21:23:42 [Vixen.Sys.State.Execution.OpeningState] Vixen execution engine entering the open state... 
12/13/2014 21:23:42 [Vixen.Sys.State.Execution.OpenState] Vixen execution engine entered the open state. 
12/13/2014 21:23:42 [Vixen.Sys.VixenSystem] Vixen System successfully started. 
12/13/2014 21:24:42 [Vixen.Sys.VixenSystem] Vixen System stopping... 
12/13/2014 21:24:42 [Vixen.Sys.State.Execution.ClosingState] Vixen execution engine entering the closing state... 
12/13/2014 21:24:42 [Vixen.Sys.State.Execution.ClosedState] Vixen execution engine entered the closed state. 
12/13/2014 21:24:42 [Vixen.Sys.VixenSystem] Vixen System successfully stopped. 
12/13/2014 21:24:49 [Vixen.Sys.VixenSystem] Vixen System starting up... 
12/13/2014 21:24:50 [Vixen.Sys.State.Execution.OpeningState] Vixen execution engine entering the open state... 
12/13/2014 21:24:50 [Vixen.Sys.State.Execution.OpenState] Vixen execution engine entered the open state. 
12/13/2014 21:24:50 [Vixen.Sys.VixenSystem] Vixen System successfully started. 
12/13/2014 21:25:02 [Vixen.Sys.VixenSystem] Vixen System stopping... 
12/13/2014 21:25:02 [Vixen.Sys.State.Execution.ClosingState] Vixen execution engine entering the closing state... 
12/13/2014 21:25:03 [Vixen.Sys.State.Execution.ClosedState] Vixen execution engine entered the closed state. 
12/13/2014 21:25:03 [Vixen.Sys.VixenSystem] Vixen System successfully stopped. 
12/13/2014 21:27:16 [Vixen.Sys.VixenSystem] Vixen System starting up... 
12/13/2014 21:27:17 [Vixen.Sys.State.Execution.OpeningState] Vixen execution engine entering the open state... 
12/13/2014 21:27:17 [Vixen.Sys.State.Execution.OpenState] Vixen execution engine entered the open state. 
12/13/2014 21:27:17 [Vixen.Sys.VixenSystem] Vixen System successfully started. 
12/13/2014 21:28:17 [Vixen.Sys.VixenSystem] Vixen System stopping... 
12/13/2014 21:28:17 [Vixen.Sys.State.Execution.ClosingState] Vixen execution engine entering the closing state... 
12/13/2014 21:28:17 [Vixen.Sys.State.Execution.ClosedState] Vixen execution engine entered the closed state. 
12/13/2014 21:28:17 [Vixen.Sys.VixenSystem] Vixen System successfully stopped. 
12/13/2014 21:29:20 [Vixen.Sys.VixenSystem] Vixen System starting up... 
12/13/2014 21:29:21 [Vixen.Sys.State.Execution.OpeningState] Vixen execution engine entering the open state... 
12/13/2014 21:29:21 [Vixen.Sys.State.Execution.OpenState] Vixen execution engine entered the open state. 
12/13/2014 21:29:21 [Vixen.Sys.VixenSystem] Vixen System successfully started. 
12/13/2014 21:29:37 [Vixen.Sys.VixenSystem] Vixen System stopping... 
12/13/2014 21:29:37 [Vixen.Sys.State.Execution.ClosingState] Vixen execution engine entering the closing state... 
12/13/2014 21:29:41 [Vixen.Sys.State.Execution.ClosedState] Vixen execution engine entered the closed state. 
12/13/2014 21:29:41 [Vixen.Sys.VixenSystem] Vixen System successfully stopped. 
12/13/2014 21:30:12 [Vixen.Sys.VixenSystem] Vixen System starting up... 
12/13/2014 21:30:14 [Vixen.Sys.State.Execution.OpeningState] Vixen execution engine entering the open state... 
12/13/2014 21:30:14 [Vixen.Sys.State.Execution.OpenState] Vixen execution engine entered the open state. 
12/13/2014 21:30:14 [Vixen.Sys.VixenSystem] Vixen System successfully started. 
12/13/2014 21:30:42 [Vixen.Sys.VixenSystem] Vixen System stopping... 
12/13/2014 21:30:42 [Vixen.Sys.State.Execution.ClosingState] Vixen execution engine entering the closing state... 
12/13/2014 21:30:42 [Vixen.Sys.State.Execution.ClosedState] Vixen execution engine entered the closed state. 
12/13/2014 21:30:42 [Vixen.Sys.VixenSystem] Vixen System successfully stopped. 
12/13/2014 21:33:23 [Vixen.Sys.VixenSystem] Vixen System starting up... 
12/13/2014 21:33:25 [Vixen.Sys.State.Execution.OpeningState] Vixen execution engine entering the open state... 
12/13/2014 21:33:25 [Vixen.Sys.State.Execution.OpenState] Vixen execution engine entered the open state. 
12/13/2014 21:33:25 [Vixen.Sys.VixenSystem] Vixen System successfully started. 
12/13/2014 21:34:22 [Vixen.Sys.VixenSystem] Vixen System stopping... 
12/13/2014 21:34:22 [Vixen.Sys.State.Execution.ClosingState] Vixen execution engine entering the closing state... 
12/13/2014 21:34:22 [Vixen.Sys.State.Execution.ClosedState] Vixen execution engine entered the closed state. 
12/13/2014 21:34:22 [Vixen.Sys.VixenSystem] Vixen System successfully stopped. 
12/13/2014 21:37:28 [Vixen.Sys.VixenSystem] Vixen System starting up... 
12/13/2014 21:37:30 [Vixen.Sys.State.Execution.OpeningState] Vixen execution engine entering the open state... 
12/13/2014 21:37:30 [Vixen.Sys.State.Execution.OpenState] Vixen execution engine entered the open state. 
12/13/2014 21:37:30 [Vixen.Sys.VixenSystem] Vixen System successfully started. 
12/13/2014 21:37:58 [Vixen.Sys.VixenSystem] Vixen System stopping... 
12/13/2014 21:37:58 [Vixen.Sys.State.Execution.ClosingState] Vixen execution engine entering the closing state... 
12/13/2014 21:37:58 [Vixen.Sys.State.Execution.ClosedState] Vixen execution engine entered the closed state. 
12/13/2014 21:37:58 [Vixen.Sys.VixenSystem] Vixen System successfully stopped. 
12/13/2014 21:39:30 [Vixen.Sys.VixenSystem] Vixen System starting up... 
12/13/2014 21:39:31 [Vixen.Sys.State.Execution.OpeningState] Vixen execution engine entering the open state... 
12/13/2014 21:39:31 [Vixen.Sys.State.Execution.OpenState] Vixen execution engine entered the open state. 
12/13/2014 21:39:31 [Vixen.Sys.VixenSystem] Vixen System successfully started. 
12/13/2014 21:40:04 [Vixen.Sys.VixenSystem] Vixen System stopping... 
12/13/2014 21:40:04 [Vixen.Sys.State.Execution.ClosingState] Vixen execution engine entering the closing state... 
12/13/2014 21:40:04 [Vixen.Sys.State.Execution.ClosedState] Vixen execution engine entered the closed state. 
12/13/2014 21:40:05 [Vixen.Sys.VixenSystem] Vixen System successfully stopped. 
12/13/2014 21:43:07 [Vixen.Sys.VixenSystem] Vixen System starting up... 
12/13/2014 21:43:09 [Vixen.Sys.State.Execution.OpeningState] Vixen execution engine entering the open state... 
12/13/2014 21:43:09 [Vixen.Sys.State.Execution.OpenState] Vixen execution engine entered the open state. 
12/13/2014 21:43:09 [Vixen.Sys.VixenSystem] Vixen System successfully started. 
12/13/2014 21:46:09 [Vixen.Sys.VixenSystem] Vixen System stopping... 
12/13/2014 21:46:09 [Vixen.Sys.State.Execution.ClosingState] Vixen execution engine entering the closing state... 
12/13/2014 21:46:09 [Vixen.Sys.State.Execution.ClosedState] Vixen execution engine entered the closed state. 
12/13/2014 21:46:09 [Vixen.Sys.VixenSystem] Vixen System successfully stopped. 
12/13/2014 21:48:28 [Vixen.Sys.VixenSystem] Vixen System starting up... 
12/13/2014 21:48:30 [Vixen.Sys.State.Execution.OpeningState] Vixen execution engine entering the open state... 
12/13/2014 21:48:30 [Vixen.Sys.State.Execution.OpenState] Vixen execution engine entered the open state. 
12/13/2014 21:48:30 [Vixen.Sys.VixenSystem] Vixen System successfully started. 
12/13/2014 21:49:03 [Vixen.Sys.VixenSystem] Vixen System stopping... 
12/13/2014 21:49:03 [Vixen.Sys.State.Execution.ClosingState] Vixen execution engine entering the closing state... 
12/13/2014 21:49:07 [Vixen.Sys.State.Execution.ClosedState] Vixen execution engine entered the closed state. 
12/13/2014 21:49:07 [Vixen.Sys.VixenSystem] Vixen System successfully stopped. 
12/13/2014 21:56:28 [Vixen.Sys.VixenSystem] Vixen System starting up... 
12/13/2014 21:56:29 [Vixen.Sys.State.Execution.OpeningState] Vixen execution engine entering the open state... 
12/13/2014 21:56:30 [Vixen.Sys.State.Execution.OpenState] Vixen execution engine entered the open state. 
12/13/2014 21:56:30 [Vixen.Sys.VixenSystem] Vixen System successfully started. 
12/13/2014 21:58:38 [Vixen.Sys.VixenSystem] Vixen System stopping... 
12/13/2014 21:58:38 [Vixen.Sys.State.Execution.ClosingState] Vixen execution engine entering the closing state... 
12/13/2014 21:58:38 [Vixen.Sys.State.Execution.ClosedState] Vixen execution engine entered the closed state. 
12/13/2014 21:58:38 [Vixen.Sys.VixenSystem] Vixen System successfully stopped. 
12/13/2014 22:00:22 [Vixen.Sys.VixenSystem] Vixen System starting up... 
12/13/2014 22:00:23 [Vixen.Sys.State.Execution.OpeningState] Vixen execution engine entering the open state... 
12/13/2014 22:00:23 [Vixen.Sys.State.Execution.OpenState] Vixen execution engine entered the open state. 
12/13/2014 22:00:23 [Vixen.Sys.VixenSystem] Vixen System successfully started. 
12/13/2014 22:00:40 [Vixen.Sys.VixenSystem] Vixen System stopping... 
12/13/2014 22:00:40 [Vixen.Sys.State.Execution.ClosingState] Vixen execution engine entering the closing state... 
12/13/2014 22:00:40 [Vixen.Sys.State.Execution.ClosedState] Vixen execution engine entered the closed state. 
12/13/2014 22:00:41 [Vixen.Sys.VixenSystem] Vixen System successfully stopped. 
12/13/2014 22:03:12 [Vixen.Sys.VixenSystem] Vixen System starting up... 
12/13/2014 22:03:13 [Vixen.Sys.State.Execution.OpeningState] Vixen execution engine entering the open state... 
12/13/2014 22:03:13 [Vixen.Sys.State.Execution.OpenState] Vixen execution engine entered the open state. 
12/13/2014 22:03:13 [Vixen.Sys.VixenSystem] Vixen System successfully started. 
12/13/2014 22:03:23 [Vixen.Sys.VixenSystem] Vixen System stopping... 
12/13/2014 22:03:23 [Vixen.Sys.State.Execution.ClosingState] Vixen execution engine entering the closing state... 
12/13/2014 22:03:23 [Vixen.Sys.State.Execution.ClosedState] Vixen execution engine entered the closed state. 
12/13/2014 22:03:23 [Vixen.Sys.VixenSystem] Vixen System successfully stopped. 
12/13/2014 22:04:27 [Vixen.Sys.VixenSystem] Vixen System starting up... 
12/13/2014 22:04:28 [Vixen.Sys.State.Execution.OpeningState] Vixen execution engine entering the open state... 
12/13/2014 22:04:28 [Vixen.Sys.State.Execution.OpenState] Vixen execution engine entered the open state. 
12/13/2014 22:04:28 [Vixen.Sys.VixenSystem] Vixen System successfully started. 
12/13/2014 22:04:42 [Vixen.Sys.VixenSystem] Vixen System stopping... 
12/13/2014 22:04:42 [Vixen.Sys.State.Execution.ClosingState] Vixen execution engine entering the closing state... 
12/13/2014 22:04:43 [Vixen.Sys.State.Execution.ClosedState] Vixen execution engine entered the closed state. 
12/13/2014 22:04:43 [Vixen.Sys.VixenSystem] Vixen System successfully stopped. 
12/13/2014 22:06:11 [Vixen.Sys.VixenSystem] Vixen System starting up... 
12/13/2014 22:06:12 [Vixen.Sys.State.Execution.OpeningState] Vixen execution engine entering the open state... 
12/13/2014 22:06:12 [Vixen.Sys.State.Execution.OpenState] Vixen execution engine entered the open state. 
12/13/2014 22:06:12 [Vixen.Sys.VixenSystem] Vixen System successfully started. 
12/13/2014 22:06:50 [Vixen.Sys.VixenSystem] Vixen System stopping... 
12/13/2014 22:06:50 [Vixen.Sys.State.Execution.ClosingState] Vixen execution engine entering the closing state... 
12/13/2014 22:06:50 [Vixen.Sys.State.Execution.ClosedState] Vixen execution engine entered the closed state. 
12/13/2014 22:06:50 [Vixen.Sys.VixenSystem] Vixen System successfully stopped. 
12/13/2014 22:06:56 [Vixen.Sys.VixenSystem] Vixen System starting up... 
12/13/2014 22:06:57 [Vixen.Sys.State.Execution.OpeningState] Vixen execution engine entering the open state... 
12/13/2014 22:06:57 [Vixen.Sys.State.Execution.OpenState] Vixen execution engine entered the open state. 
12/13/2014 22:06:57 [Vixen.Sys.VixenSystem] Vixen System successfully started. 
12/13/2014 22:07:17 [Vixen.Sys.VixenSystem] Vixen System stopping... 
12/13/2014 22:07:17 [Vixen.Sys.State.Execution.ClosingState] Vixen execution engine entering the closing state... 
12/13/2014 22:07:17 [Vixen.Sys.State.Execution.ClosedState] Vixen execution engine entered the closed state. 
12/13/2014 22:07:17 [Vixen.Sys.VixenSystem] Vixen System successfully stopped. 
12/13/2014 22:09:49 [Vixen.Sys.VixenSystem] Vixen System starting up... 
12/13/2014 22:09:51 [Vixen.Sys.State.Execution.OpeningState] Vixen execution engine entering the open state... 
12/13/2014 22:09:51 [Vixen.Sys.State.Execution.OpenState] Vixen execution engine entered the open state. 
12/13/2014 22:09:51 [Vixen.Sys.VixenSystem] Vixen System successfully started. 
12/13/2014 22:10:25 [Vixen.Sys.VixenSystem] Vixen System stopping... 
12/13/2014 22:10:25 [Vixen.Sys.State.Execution.ClosingState] Vixen execution engine entering the closing state... 
12/13/2014 22:10:25 [Vixen.Sys.State.Execution.ClosedState] Vixen execution engine entered the closed state. 
12/13/2014 22:10:26 [Vixen.Sys.VixenSystem] Vixen System successfully stopped. 
12/13/2014 22:11:58 [Vixen.Sys.VixenSystem] Vixen System starting up... 
12/13/2014 22:12:00 [Vixen.Sys.State.Execution.OpeningState] Vixen execution engine entering the open state... 
12/13/2014 22:12:00 [Vixen.Sys.State.Execution.OpenState] Vixen execution engine entered the open state. 
12/13/2014 22:12:00 [Vixen.Sys.VixenSystem] Vixen System successfully started. 
12/13/2014 22:15:17 [Vixen.Sys.VixenSystem] Vixen System stopping... 
12/13/2014 22:15:17 [Vixen.Sys.State.Execution.ClosingState] Vixen execution engine entering the closing state... 
12/13/2014 22:15:17 [Vixen.Sys.State.Execution.ClosedState] Vixen execution engine entered the closed state. 
12/13/2014 22:15:17 [Vixen.Sys.VixenSystem] Vixen System successfully stopped. 
12/13/2014 22:29:09 [Vixen.Sys.VixenSystem] Vixen System starting up... 
12/13/2014 22:29:10 [Vixen.Sys.State.Execution.OpeningState] Vixen execution engine entering the open state... 
12/13/2014 22:29:10 [Vixen.Sys.State.Execution.OpenState] Vixen execution engine entered the open state. 
12/13/2014 22:29:10 [Vixen.Sys.VixenSystem] Vixen System successfully started. 
12/13/2014 22:31:53 [Vixen.Sys.VixenSystem] Vixen System stopping... 
12/13/2014 22:31:53 [Vixen.Sys.State.Execution.ClosingState] Vixen execution engine entering the closing state... 
12/13/2014 22:31:53 [Vixen.Sys.State.Execution.ClosedState] Vixen execution engine entered the closed state. 
12/13/2014 22:31:54 [Vixen.Sys.VixenSystem] Vixen System successfully stopped. 
12/13/2014 22:51:40 [Vixen.Sys.VixenSystem] Vixen System starting up... 
12/13/2014 22:51:41 [Vixen.Sys.State.Execution.OpeningState] Vixen execution engine entering the open state... 
12/13/2014 22:51:41 [Vixen.Sys.State.Execution.OpenState] Vixen execution engine entered the open state. 
12/13/2014 22:51:41 [Vixen.Sys.VixenSystem] Vixen System successfully started. 
12/13/2014 22:52:48 [Vixen.Sys.VixenSystem] Vixen System stopping... 
12/13/2014 22:52:48 [Vixen.Sys.State.Execution.ClosingState] Vixen execution engine entering the closing state... 
12/13/2014 22:52:48 [Vixen.Sys.State.Execution.ClosedState] Vixen execution engine entered the closed state. 
12/13/2014 22:52:48 [Vixen.Sys.VixenSystem] Vixen System successfully stopped. 
12/14/2014 18:33:43 [Vixen.Sys.VixenSystem] Vixen System starting up... 
12/14/2014 18:33:44 [Vixen.Sys.State.Execution.OpeningState] Vixen execution engine entering the open state... 
12/14/2014 18:33:45 [Vixen.Sys.State.Execution.OpenState] Vixen execution engine entered the open state. 
12/14/2014 18:33:45 [Vixen.Sys.VixenSystem] Vixen System successfully started. 
12/14/2014 18:33:57 [Vixen.Sys.VixenSystem] Vixen System stopping... 
12/14/2014 18:33:57 [Vixen.Sys.State.Execution.ClosingState] Vixen execution engine entering the closing state... 
12/14/2014 18:33:57 [Vixen.Sys.State.Execution.ClosedState] Vixen execution engine entered the closed state. 
12/14/2014 18:33:57 [Vixen.Sys.VixenSystem] Vixen System successfully stopped. 
12/14/2014 18:44:50 [Vixen.Sys.VixenSystem] Vixen System starting up... 
12/14/2014 18:44:52 [Vixen.Sys.State.Execution.OpeningState] Vixen execution engine entering the open state... 
12/14/2014 18:44:52 [Vixen.Sys.State.Execution.OpenState] Vixen execution engine entered the open state. 
12/14/2014 18:44:52 [Vixen.Sys.VixenSystem] Vixen System successfully started. 
12/14/2014 18:46:56 [Vixen.Sys.VixenSystem] Vixen System stopping... 
12/14/2014 18:46:57 [Vixen.Sys.State.Execution.ClosingState] Vixen execution engine entering the closing state... 
12/14/2014 18:46:57 [Vixen.Sys.State.Execution.ClosedState] Vixen execution engine entered the closed state. 
12/14/2014 18:46:57 [Vixen.Sys.VixenSystem] Vixen System successfully stopped. 
12/14/2014 18:53:25 [Vixen.Sys.VixenSystem] Vixen System starting up... 
12/14/2014 18:53:26 [Vixen.Sys.State.Execution.OpeningState] Vixen execution engine entering the open state... 
12/14/2014 18:53:26 [Vixen.Sys.State.Execution.OpenState] Vixen execution engine entered the open state. 
12/14/2014 18:53:26 [Vixen.Sys.VixenSystem] Vixen System successfully started. 
12/14/2014 18:53:55 [Vixen.Sys.VixenSystem] Vixen System stopping... 
12/14/2014 18:53:55 [Vixen.Sys.State.Execution.ClosingState] Vixen execution engine entering the closing state... 
12/14/2014 18:53:55 [Vixen.Sys.State.Execution.ClosedState] Vixen execution engine entered the closed state. 
12/14/2014 18:53:55 [Vixen.Sys.VixenSystem] Vixen System successfully stopped. 
12/14/2014 18:56:07 [Vixen.Sys.VixenSystem] Vixen System starting up... 
12/14/2014 18:56:08 [Vixen.Sys.State.Execution.OpeningState] Vixen execution engine entering the open state... 
12/14/2014 18:56:08 [Vixen.Sys.State.Execution.OpenState] Vixen execution engine entered the open state. 
12/14/2014 18:56:08 [Vixen.Sys.VixenSystem] Vixen System successfully started. 
12/14/2014 18:57:02 [Vixen.Sys.VixenSystem] Vixen System stopping... 
12/14/2014 18:57:02 [Vixen.Sys.State.Execution.ClosingState] Vixen execution engine entering the closing state... 
12/14/2014 18:57:02 [Vixen.Sys.State.Execution.ClosedState] Vixen execution engine entered the closed state. 
12/14/2014 18:57:03 [Vixen.Sys.VixenSystem] Vixen System successfully stopped. 
12/14/2014 18:58:43 [Vixen.Sys.VixenSystem] Vixen System starting up... 
12/14/2014 18:58:44 [Vixen.Sys.State.Execution.OpeningState] Vixen execution engine entering the open state... 
12/14/2014 18:58:44 [Vixen.Sys.State.Execution.OpenState] Vixen execution engine entered the open state. 
12/14/2014 18:58:44 [Vixen.Sys.VixenSystem] Vixen System successfully started. 
12/14/2014 18:59:05 [Vixen.Sys.VixenSystem] Vixen System stopping... 
12/14/2014 18:59:05 [Vixen.Sys.State.Execution.ClosingState] Vixen execution engine entering the closing state... 
12/14/2014 18:59:05 [Vixen.Sys.State.Execution.ClosedState] Vixen execution engine entered the closed state. 
12/14/2014 18:59:05 [Vixen.Sys.VixenSystem] Vixen System successfully stopped. 
12/14/2014 19:01:27 [Vixen.Sys.VixenSystem] Vixen System starting up... 
12/14/2014 19:01:28 [Vixen.Sys.State.Execution.OpeningState] Vixen execution engine entering the open state... 
12/14/2014 19:01:28 [Vixen.Sys.State.Execution.OpenState] Vixen execution engine entered the open state. 
12/14/2014 19:01:28 [Vixen.Sys.VixenSystem] Vixen System successfully started. 
12/14/2014 19:01:39 [Vixen.Sys.VixenSystem] Vixen System stopping... 
12/14/2014 19:01:39 [Vixen.Sys.State.Execution.ClosingState] Vixen execution engine entering the closing state... 
12/14/2014 19:01:40 [Vixen.Sys.State.Execution.ClosedState] Vixen execution engine entered the closed state. 
12/14/2014 19:01:40 [Vixen.Sys.VixenSystem] Vixen System successfully stopped. 
12/14/2014 19:01:43 [Vixen.Sys.VixenSystem] Vixen System starting up... 
12/14/2014 19:01:45 [Vixen.Sys.State.Execution.OpeningState] Vixen execution engine entering the open state... 
12/14/2014 19:01:45 [Vixen.Sys.State.Execution.OpenState] Vixen execution engine entered the open state. 
12/14/2014 19:01:45 [Vixen.Sys.VixenSystem] Vixen System successfully started. 
12/14/2014 19:01:50 [Vixen.Sys.VixenSystem] Vixen System stopping... 
12/14/2014 19:01:50 [Vixen.Sys.State.Execution.ClosingState] Vixen execution engine entering the closing state... 
12/14/2014 19:01:50 [Vixen.Sys.State.Execution.ClosedState] Vixen execution engine entered the closed state. 
12/14/2014 19:01:50 [Vixen.Sys.VixenSystem] Vixen System successfully stopped. 
12/14/2014 19:02:10 [Vixen.Sys.VixenSystem] Vixen System starting up... 
12/14/2014 19:02:11 [Vixen.Sys.State.Execution.OpeningState] Vixen execution engine entering the open state... 
12/14/2014 19:02:11 [Vixen.Sys.State.Execution.OpenState] Vixen execution engine entered the open state. 
12/14/2014 19:02:11 [Vixen.Sys.VixenSystem] Vixen System successfully started. 
12/14/2014 19:02:28 [Vixen.Sys.VixenSystem] Vixen System stopping... 
12/14/2014 19:02:28 [Vixen.Sys.State.Execution.ClosingState] Vixen execution engine entering the closing state... 
12/14/2014 19:02:28 [Vixen.Sys.State.Execution.ClosedState] Vixen execution engine entered the closed state. 
12/14/2014 19:02:29 [Vixen.Sys.VixenSystem] Vixen System successfully stopped. 
12/14/2014 19:05:20 [Vixen.Sys.VixenSystem] Vixen System starting up... 
12/14/2014 19:05:21 [Vixen.Sys.State.Execution.OpeningState] Vixen execution engine entering the open state... 
12/14/2014 19:05:21 [Vixen.Sys.State.Execution.OpenState] Vixen execution engine entered the open state. 
12/14/2014 19:05:21 [Vixen.Sys.VixenSystem] Vixen System successfully started. 
12/14/2014 19:05:40 [Vixen.Sys.VixenSystem] Vixen System stopping... 
12/14/2014 19:05:40 [Vixen.Sys.State.Execution.ClosingState] Vixen execution engine entering the closing state... 
12/14/2014 19:05:40 [Vixen.Sys.State.Execution.ClosedState] Vixen execution engine entered the closed state. 
12/14/2014 19:05:40 [Vixen.Sys.VixenSystem] Vixen System successfully stopped. 
12/14/2014 19:10:01 [Vixen.Sys.VixenSystem] Vixen System starting up... 
12/14/2014 19:10:02 [Vixen.Sys.State.Execution.OpeningState] Vixen execution engine entering the open state... 
12/14/2014 19:10:03 [Vixen.Sys.State.Execution.OpenState] Vixen execution engine entered the open state. 
12/14/2014 19:10:03 [Vixen.Sys.VixenSystem] Vixen System successfully started. 
12/14/2014 19:10:21 [Vixen.Sys.VixenSystem] Vixen System stopping... 
12/14/2014 19:10:21 [Vixen.Sys.State.Execution.ClosingState] Vixen execution engine entering the closing state... 
12/14/2014 19:10:21 [Vixen.Sys.State.Execution.ClosedState] Vixen execution engine entered the closed state. 
12/14/2014 19:10:21 [Vixen.Sys.VixenSystem] Vixen System successfully stopped. 
12/14/2014 19:10:33 [Vixen.Sys.VixenSystem] Vixen System starting up... 
12/14/2014 19:10:35 [Vixen.Sys.State.Execution.OpeningState] Vixen execution engine entering the open state... 
12/14/2014 19:10:35 [Vixen.Sys.State.Execution.OpenState] Vixen execution engine entered the open state. 
12/14/2014 19:10:35 [Vixen.Sys.VixenSystem] Vixen System successfully started. 
12/14/2014 19:11:10 [Vixen.Sys.VixenSystem] Vixen System stopping... 
12/14/2014 19:11:10 [Vixen.Sys.State.Execution.ClosingState] Vixen execution engine entering the closing state... 
12/14/2014 19:11:10 [Vixen.Sys.State.Execution.ClosedState] Vixen execution engine entered the closed state. 
12/14/2014 19:11:10 [Vixen.Sys.VixenSystem] Vixen System successfully stopped. 
12/14/2014 19:11:30 [Vixen.Sys.VixenSystem] Vixen System starting up... 
12/14/2014 19:11:31 [Vixen.Sys.State.Execution.OpeningState] Vixen execution engine entering the open state... 
12/14/2014 19:11:31 [Vixen.Sys.State.Execution.OpenState] Vixen execution engine entered the open state. 
12/14/2014 19:11:31 [Vixen.Sys.VixenSystem] Vixen System successfully started. 
12/14/2014 19:11:41 [Vixen.Sys.VixenSystem] Vixen System stopping... 
12/14/2014 19:11:41 [Vixen.Sys.State.Execution.ClosingState] Vixen execution engine entering the closing state... 
12/14/2014 19:11:42 [Vixen.Sys.State.Execution.ClosedState] Vixen execution engine entered the closed state. 
12/14/2014 19:11:42 [Vixen.Sys.VixenSystem] Vixen System successfully stopped. 
12/14/2014 19:12:02 [Vixen.Sys.VixenSystem] Vixen System starting up... 
12/14/2014 19:12:03 [Vixen.Sys.State.Execution.OpeningState] Vixen execution engine entering the open state... 
12/14/2014 19:12:04 [Vixen.Sys.State.Execution.OpenState] Vixen execution engine entered the open state. 
12/14/2014 19:12:04 [Vixen.Sys.VixenSystem] Vixen System successfully started. 
12/14/2014 19:12:16 [Vixen.Sys.VixenSystem] Vixen System stopping... 
12/14/2014 19:12:16 [Vixen.Sys.State.Execution.ClosingState] Vixen execution engine entering the closing state... 
12/14/2014 19:12:17 [Vixen.Sys.State.Execution.ClosedState] Vixen execution engine entered the closed state. 
12/14/2014 19:12:17 [Vixen.Sys.VixenSystem] Vixen System successfully stopped. 
12/14/2014 19:12:37 [Vixen.Sys.VixenSystem] Vixen System starting up... 
12/14/2014 19:12:38 [Vixen.Sys.State.Execution.OpeningState] Vixen execution engine entering the open state... 
12/14/2014 19:12:38 [Vixen.Sys.State.Execution.OpenState] Vixen execution engine entered the open state. 
12/14/2014 19:12:38 [Vixen.Sys.VixenSystem] Vixen System successfully started. 
12/14/2014 19:12:49 [Vixen.Sys.VixenSystem] Vixen System stopping... 
12/14/2014 19:12:49 [Vixen.Sys.State.Execution.ClosingState] Vixen execution engine entering the closing state... 
12/14/2014 19:12:50 [Vixen.Sys.State.Execution.ClosedState] Vixen execution engine entered the closed state. 
12/14/2014 19:12:50 [Vixen.Sys.VixenSystem] Vixen System successfully stopped. 
12/14/2014 19:23:32 [Vixen.Sys.VixenSystem] Vixen System starting up... 
12/14/2014 19:23:33 [Vixen.Sys.State.Execution.OpeningState] Vixen execution engine entering the open state... 
12/14/2014 19:23:33 [Vixen.Sys.State.Execution.OpenState] Vixen execution engine entered the open state. 
12/14/2014 19:23:33 [Vixen.Sys.VixenSystem] Vixen System successfully started. 
12/14/2014 19:24:05 [Vixen.Sys.VixenSystem] Vixen System stopping... 
12/14/2014 19:24:05 [Vixen.Sys.State.Execution.ClosingState] Vixen execution engine entering the closing state... 
12/14/2014 19:24:06 [Vixen.Sys.State.Execution.ClosedState] Vixen execution engine entered the closed state. 
12/14/2014 19:24:06 [Vixen.Sys.VixenSystem] Vixen System successfully stopped. 
12/14/2014 19:26:25 [Vixen.Sys.VixenSystem] Vixen System starting up... 
12/14/2014 19:26:26 [Vixen.Sys.State.Execution.OpeningState] Vixen execution engine entering the open state... 
12/14/2014 19:26:27 [Vixen.Sys.State.Execution.OpenState] Vixen execution engine entered the open state. 
12/14/2014 19:26:27 [Vixen.Sys.VixenSystem] Vixen System successfully started. 
12/14/2014 19:26:47 [Vixen.Sys.VixenSystem] Vixen System stopping... 
12/14/2014 19:26:47 [Vixen.Sys.State.Execution.ClosingState] Vixen execution engine entering the closing state... 
12/14/2014 19:26:48 [Vixen.Sys.State.Execution.ClosedState] Vixen execution engine entered the closed state. 
12/14/2014 19:26:48 [Vixen.Sys.VixenSystem] Vixen System successfully stopped. 
12/14/2014 19:30:49 [Vixen.Sys.VixenSystem] Vixen System starting up... 
12/14/2014 19:30:50 [Vixen.Sys.State.Execution.OpeningState] Vixen execution engine entering the open state... 
12/14/2014 19:30:50 [Vixen.Sys.State.Execution.OpenState] Vixen execution engine entered the open state. 
12/14/2014 19:30:50 [Vixen.Sys.VixenSystem] Vixen System successfully started. 
12/14/2014 19:31:13 [Vixen.Sys.VixenSystem] Vixen System stopping... 
12/14/2014 19:31:13 [Vixen.Sys.State.Execution.ClosingState] Vixen execution engine entering the closing state... 
12/14/2014 19:31:13 [Vixen.Sys.State.Execution.ClosedState] Vixen execution engine entered the closed state. 
12/14/2014 19:31:13 [Vixen.Sys.VixenSystem] Vixen System successfully stopped. 
12/14/2014 19:34:17 [Vixen.Sys.VixenSystem] Vixen System starting up... 
12/14/2014 19:34:18 [Vixen.Sys.State.Execution.OpeningState] Vixen execution engine entering the open state... 
12/14/2014 19:34:18 [Vixen.Sys.State.Execution.OpenState] Vixen execution engine entered the open state. 
12/14/2014 19:34:18 [Vixen.Sys.VixenSystem] Vixen System successfully started. 
12/14/2014 19:34:48 [Vixen.Sys.VixenSystem] Vixen System stopping... 
12/14/2014 19:34:48 [Vixen.Sys.State.Execution.ClosingState] Vixen execution engine entering the closing state... 
12/14/2014 19:34:49 [Vixen.Sys.State.Execution.ClosedState] Vixen execution engine entered the closed state. 
12/14/2014 19:34:49 [Vixen.Sys.VixenSystem] Vixen System successfully stopped. 
12/14/2014 19:35:07 [Vixen.Sys.VixenSystem] Vixen System starting up... 
12/14/2014 19:35:08 [Vixen.Sys.State.Execution.OpeningState] Vixen execution engine entering the open state... 
12/14/2014 19:35:08 [Vixen.Sys.State.Execution.OpenState] Vixen execution engine entered the open state. 
12/14/2014 19:35:08 [Vixen.Sys.VixenSystem] Vixen System successfully started. 
12/14/2014 19:35:20 [Vixen.Sys.VixenSystem] Vixen System stopping... 
12/14/2014 19:35:20 [Vixen.Sys.State.Execution.ClosingState] Vixen execution engine entering the closing state... 
12/14/2014 19:35:20 [Vixen.Sys.State.Execution.ClosedState] Vixen execution engine entered the closed state. 
12/14/2014 19:35:21 [Vixen.Sys.VixenSystem] Vixen System successfully stopped. 
12/14/2014 19:37:04 [Vixen.Sys.VixenSystem] Vixen System starting up... 
12/14/2014 19:37:06 [Vixen.Sys.State.Execution.OpeningState] Vixen execution engine entering the open state... 
12/14/2014 19:37:06 [Vixen.Sys.State.Execution.OpenState] Vixen execution engine entered the open state. 
12/14/2014 19:37:06 [Vixen.Sys.VixenSystem] Vixen System successfully started. 
12/14/2014 19:37:24 [Vixen.Sys.VixenSystem] Vixen System stopping... 
12/14/2014 19:37:24 [Vixen.Sys.State.Execution.ClosingState] Vixen execution engine entering the closing state... 
12/14/2014 19:37:25 [Vixen.Sys.State.Execution.ClosedState] Vixen execution engine entered the closed state. 
12/14/2014 19:37:25 [Vixen.Sys.VixenSystem] Vixen System successfully stopped. 
12/14/2014 19:59:33 [Vixen.Sys.VixenSystem] Vixen System starting up... 
12/14/2014 19:59:34 [Vixen.Sys.State.Execution.OpeningState] Vixen execution engine entering the open state... 
12/14/2014 19:59:34 [Vixen.Sys.State.Execution.OpenState] Vixen execution engine entered the open state. 
12/14/2014 19:59:34 [Vixen.Sys.VixenSystem] Vixen System successfully started. 
12/14/2014 19:59:48 [Vixen.Sys.VixenSystem] Vixen System stopping... 
12/14/2014 19:59:48 [Vixen.Sys.State.Execution.ClosingState] Vixen execution engine entering the closing state... 
12/14/2014 19:59:48 [Vixen.Sys.State.Execution.ClosedState] Vixen execution engine entered the closed state. 
12/14/2014 19:59:49 [Vixen.Sys.VixenSystem] Vixen System successfully stopped. 
12/14/2014 20:10:23 [Vixen.Sys.VixenSystem] Vixen System starting up... 
12/14/2014 20:10:24 [Vixen.Sys.State.Execution.OpeningState] Vixen execution engine entering the open state... 
12/14/2014 20:10:24 [Vixen.Sys.State.Execution.OpenState] Vixen execution engine entered the open state. 
12/14/2014 20:10:24 [Vixen.Sys.VixenSystem] Vixen System successfully started. 
12/14/2014 20:10:59 [Vixen.Sys.VixenSystem] Vixen System stopping... 
12/14/2014 20:10:59 [Vixen.Sys.State.Execution.ClosingState] Vixen execution engine entering the closing state... 
12/14/2014 20:10:59 [Vixen.Sys.State.Execution.ClosedState] Vixen execution engine entered the closed state. 
12/14/2014 20:10:59 [Vixen.Sys.VixenSystem] Vixen System successfully stopped. 
12/14/2014 20:16:29 [Vixen.Sys.VixenSystem] Vixen System starting up... 
12/14/2014 20:16:31 [Vixen.Sys.State.Execution.OpeningState] Vixen execution engine entering the open state... 
12/14/2014 20:16:31 [Vixen.Sys.State.Execution.OpenState] Vixen execution engine entered the open state. 
12/14/2014 20:16:31 [Vixen.Sys.VixenSystem] Vixen System successfully started. 
12/14/2014 20:16:56 [Vixen.Sys.VixenSystem] Vixen System stopping... 
12/14/2014 20:16:56 [Vixen.Sys.State.Execution.ClosingState] Vixen execution engine entering the closing state... 
12/14/2014 20:16:56 [Vixen.Sys.State.Execution.ClosedState] Vixen execution engine entered the closed state. 
12/14/2014 20:16:57 [Vixen.Sys.VixenSystem] Vixen System successfully stopped. 
12/14/2014 20:17:17 [Vixen.Sys.VixenSystem] Vixen System starting up... 
12/14/2014 20:17:18 [Vixen.Sys.State.Execution.OpeningState] Vixen execution engine entering the open state... 
12/14/2014 20:17:18 [Vixen.Sys.State.Execution.OpenState] Vixen execution engine entered the open state. 
12/14/2014 20:17:18 [Vixen.Sys.VixenSystem] Vixen System successfully started. 
12/14/2014 20:17:26 [Vixen.Sys.VixenSystem] Vixen System stopping... 
12/14/2014 20:17:26 [Vixen.Sys.State.Execution.ClosingState] Vixen execution engine entering the closing state... 
12/14/2014 20:17:26 [Vixen.Sys.State.Execution.ClosedState] Vixen execution engine entered the closed state. 
12/14/2014 20:17:26 [Vixen.Sys.VixenSystem] Vixen System successfully stopped. 
12/14/2014 20:19:21 [Vixen.Sys.VixenSystem] Vixen System starting up... 
12/14/2014 20:19:22 [Vixen.Sys.State.Execution.OpeningState] Vixen execution engine entering the open state... 
12/14/2014 20:19:22 [Vixen.Sys.State.Execution.OpenState] Vixen execution engine entered the open state. 
12/14/2014 20:19:22 [Vixen.Sys.VixenSystem] Vixen System successfully started. 
12/14/2014 20:19:45 [Vixen.Sys.VixenSystem] Vixen System stopping... 
12/14/2014 20:19:45 [Vixen.Sys.State.Execution.ClosingState] Vixen execution engine entering the closing state... 
12/14/2014 20:19:45 [Vixen.Sys.State.Execution.ClosedState] Vixen execution engine entered the closed state. 
12/14/2014 20:19:46 [Vixen.Sys.VixenSystem] Vixen System successfully stopped. 
12/14/2014 20:30:42 [Vixen.Sys.VixenSystem] Vixen System starting up... 
12/14/2014 20:30:43 [Vixen.Sys.State.Execution.OpeningState] Vixen execution engine entering the open state... 
12/14/2014 20:30:43 [Vixen.Sys.State.Execution.OpenState] Vixen execution engine entered the open state. 
12/14/2014 20:30:43 [Vixen.Sys.VixenSystem] Vixen System successfully started. 
12/14/2014 20:31:48 [Vixen.Sys.VixenSystem] Vixen System stopping... 
12/14/2014 20:31:48 [Vixen.Sys.State.Execution.ClosingState] Vixen execution engine entering the closing state... 
12/14/2014 20:31:48 [Vixen.Sys.State.Execution.ClosedState] Vixen execution engine entered the closed state. 
12/14/2014 20:31:48 [Vixen.Sys.VixenSystem] Vixen System successfully stopped. 
12/14/2014 20:46:27 [Vixen.Sys.VixenSystem] Vixen System starting up... 
12/14/2014 20:46:28 [Vixen.Sys.State.Execution.OpeningState] Vixen execution engine entering the open state... 
12/14/2014 20:46:28 [Vixen.Sys.State.Execution.OpenState] Vixen execution engine entered the open state. 
12/14/2014 20:46:28 [Vixen.Sys.VixenSystem] Vixen System successfully started. 
12/14/2014 20:47:10 [Vixen.Sys.VixenSystem] Vixen System stopping... 
12/14/2014 20:47:10 [Vixen.Sys.State.Execution.ClosingState] Vixen execution engine entering the closing state... 
12/14/2014 20:47:10 [Vixen.Sys.State.Execution.ClosedState] Vixen execution engine entered the closed state. 
12/14/2014 20:47:10 [Vixen.Sys.VixenSystem] Vixen System successfully stopped. 
12/14/2014 20:56:54 [Vixen.Sys.VixenSystem] Vixen System starting up... 
12/14/2014 20:56:56 [Vixen.Sys.State.Execution.OpeningState] Vixen execution engine entering the open state... 
12/14/2014 20:56:56 [Vixen.Sys.State.Execution.OpenState] Vixen execution engine entered the open state. 
12/14/2014 20:56:56 [Vixen.Sys.VixenSystem] Vixen System successfully started. 
12/14/2014 20:57:12 [Vixen.Sys.VixenSystem] Vixen System stopping... 
12/14/2014 20:57:12 [Vixen.Sys.State.Execution.ClosingState] Vixen execution engine entering the closing state... 
12/14/2014 20:57:13 [Vixen.Sys.State.Execution.ClosedState] Vixen execution engine entered the closed state. 
12/14/2014 20:57:13 [Vixen.Sys.VixenSystem] Vixen System successfully stopped. 
12/14/2014 20:57:33 [Vixen.Sys.VixenSystem] Vixen System starting up... 
12/14/2014 20:57:35 [Vixen.Sys.State.Execution.OpeningState] Vixen execution engine entering the open state... 
12/14/2014 20:57:35 [Vixen.Sys.State.Execution.OpenState] Vixen execution engine entered the open state. 
12/14/2014 20:57:35 [Vixen.Sys.VixenSystem] Vixen System successfully started. 
12/14/2014 20:58:02 [Vixen.Sys.VixenSystem] Vixen System stopping... 
12/14/2014 20:58:02 [Vixen.Sys.State.Execution.ClosingState] Vixen execution engine entering the closing state... 
12/14/2014 20:58:02 [Vixen.Sys.State.Execution.ClosedState] Vixen execution engine entered the closed state. 
12/14/2014 20:58:02 [Vixen.Sys.VixenSystem] Vixen System successfully stopped. 
12/14/2014 20:58:08 [Vixen.Sys.VixenSystem] Vixen System starting up... 
12/14/2014 20:58:09 [Vixen.Sys.State.Execution.OpeningState] Vixen execution engine entering the open state... 
12/14/2014 20:58:09 [Vixen.Sys.State.Execution.OpenState] Vixen execution engine entered the open state. 
12/14/2014 20:58:09 [Vixen.Sys.VixenSystem] Vixen System successfully started. 
12/14/2014 20:58:18 [Vixen.Sys.VixenSystem] Vixen System stopping... 
12/14/2014 20:58:18 [Vixen.Sys.State.Execution.ClosingState] Vixen execution engine entering the closing state... 
12/14/2014 20:58:18 [Vixen.Sys.State.Execution.ClosedState] Vixen execution engine entered the closed state. 
12/14/2014 20:58:18 [Vixen.Sys.VixenSystem] Vixen System successfully stopped. 
12/14/2014 20:58:40 [Vixen.Sys.VixenSystem] Vixen System starting up... 
12/14/2014 20:58:41 [Vixen.Sys.State.Execution.OpeningState] Vixen execution engine entering the open state... 
12/14/2014 20:58:41 [Vixen.Sys.State.Execution.OpenState] Vixen execution engine entered the open state. 
12/14/2014 20:58:41 [Vixen.Sys.VixenSystem] Vixen System successfully started. 
12/14/2014 20:59:02 [Vixen.Sys.VixenSystem] Vixen System stopping... 
12/14/2014 20:59:02 [Vixen.Sys.State.Execution.ClosingState] Vixen execution engine entering the closing state... 
12/14/2014 20:59:02 [Vixen.Sys.State.Execution.ClosedState] Vixen execution engine entered the closed state. 
12/14/2014 20:59:03 [Vixen.Sys.VixenSystem] Vixen System successfully stopped. 
12/14/2014 20:59:32 [Vixen.Sys.VixenSystem] Vixen System starting up... 
12/14/2014 20:59:33 [Vixen.Sys.State.Execution.OpeningState] Vixen execution engine entering the open state... 
12/14/2014 20:59:33 [Vixen.Sys.State.Execution.OpenState] Vixen execution engine entered the open state. 
12/14/2014 20:59:33 [Vixen.Sys.VixenSystem] Vixen System successfully started. 
12/14/2014 21:14:59 [Vixen.Sys.VixenSystem] Vixen System stopping... 
12/14/2014 21:14:59 [Vixen.Sys.State.Execution.ClosingState] Vixen execution engine entering the closing state... 
12/14/2014 21:14:59 [Vixen.Sys.State.Execution.ClosedState] Vixen execution engine entered the closed state. 
12/14/2014 21:14:59 [Vixen.Sys.VixenSystem] Vixen System successfully stopped. 
12/14/2014 21:15:13 [Vixen.Sys.VixenSystem] Vixen System starting up... 
12/14/2014 21:15:14 [Vixen.Sys.State.Execution.OpeningState] Vixen execution engine entering the open state... 
12/14/2014 21:15:14 [Vixen.Sys.State.Execution.OpenState] Vixen execution engine entered the open state. 
12/14/2014 21:15:14 [Vixen.Sys.VixenSystem] Vixen System successfully started. 
12/14/2014 21:15:46 [Vixen.Sys.VixenSystem] Vixen System stopping... 
12/14/2014 21:15:46 [Vixen.Sys.State.Execution.ClosingState] Vixen execution engine entering the closing state... 
12/14/2014 21:15:47 [Vixen.Sys.State.Execution.ClosedState] Vixen execution engine entered the closed state. 
12/14/2014 21:15:47 [Vixen.Sys.VixenSystem] Vixen System successfully stopped. 
12/14/2014 22:22:50 [Vixen.Sys.VixenSystem] Vixen System starting up... 
12/14/2014 22:22:51 [Vixen.Sys.State.Execution.OpeningState] Vixen execution engine entering the open state... 
12/14/2014 22:22:51 [Vixen.Sys.State.Execution.OpenState] Vixen execution engine entered the open state. 
12/14/2014 22:22:51 [Vixen.Sys.VixenSystem] Vixen System successfully started. 
12/14/2014 22:25:26 [Vixen.Sys.VixenSystem] Vixen System stopping... 
12/14/2014 22:25:26 [Vixen.Sys.State.Execution.ClosingState] Vixen execution engine entering the closing state... 
12/14/2014 22:25:26 [Vixen.Sys.State.Execution.ClosedState] Vixen execution engine entered the closed state. 
12/14/2014 22:25:27 [Vixen.Sys.VixenSystem] Vixen System successfully stopped. 
12/15/2014 01:00:23 [Vixen.Sys.VixenSystem] Vixen System starting up... 
12/15/2014 01:00:24 [Vixen.Sys.State.Execution.OpeningState] Vixen execution engine entering the open state... 
12/15/2014 01:00:24 [Vixen.Sys.State.Execution.OpenState] Vixen execution engine entered the open state. 
12/15/2014 01:00:24 [Vixen.Sys.VixenSystem] Vixen System successfully started. 
12/15/2014 01:36:45 [Vixen.Sys.VixenSystem] Vixen System starting up... 
12/15/2014 01:36:47 [Vixen.Sys.State.Execution.OpeningState] Vixen execution engine entering the open state... 
12/15/2014 01:36:47 [Vixen.Sys.State.Execution.OpenState] Vixen execution engine entered the open state. 
12/15/2014 01:36:47 [Vixen.Sys.VixenSystem] Vixen System successfully started. 
12/15/2014 01:50:25 [Vixen.Sys.VixenSystem] Vixen System stopping... 
12/15/2014 01:50:25 [Vixen.Sys.State.Execution.ClosingState] Vixen execution engine entering the closing state... 
12/15/2014 01:50:25 [Vixen.Sys.State.Execution.ClosedState] Vixen execution engine entered the closed state. 
12/15/2014 01:50:26 [Vixen.Sys.VixenSystem] Vixen System successfully stopped. 
12/15/2014 07:42:17 [Vixen.Sys.VixenSystem] Vixen System starting up... 
12/15/2014 07:42:18 [Vixen.Sys.State.Execution.OpeningState] Vixen execution engine entering the open state... 
12/15/2014 07:42:18 [Vixen.Sys.State.Execution.OpenState] Vixen execution engine entered the open state. 
12/15/2014 07:42:18 [Vixen.Sys.VixenSystem] Vixen System successfully started. 
12/15/2014 07:47:24 [Vixen.Sys.VixenSystem] Vixen System stopping... 
12/15/2014 07:47:24 [Vixen.Sys.State.Execution.ClosingState] Vixen execution engine entering the closing state... 
12/15/2014 07:47:24 [Vixen.Sys.State.Execution.ClosedState] Vixen execution engine entered the closed state. 
12/15/2014 07:47:24 [Vixen.Sys.VixenSystem] Vixen System successfully stopped. 
12/15/2014 08:04:06 [Vixen.Sys.VixenSystem] Vixen System starting up... 
12/15/2014 08:04:09 [Vixen.Sys.State.Execution.OpeningState] Vixen execution engine entering the open state... 
12/15/2014 08:04:09 [Vixen.Sys.State.Execution.OpenState] Vixen execution engine entered the open state. 
12/15/2014 08:04:09 [Vixen.Sys.VixenSystem] Vixen System successfully started. 
12/15/2014 08:53:45 [Vixen.Sys.VixenSystem] Vixen System stopping... 
12/15/2014 08:53:45 [Vixen.Sys.State.Execution.ClosingState] Vixen execution engine entering the closing state... 
12/15/2014 08:53:45 [Vixen.Sys.State.Execution.ClosedState] Vixen execution engine entered the closed state. 
12/15/2014 08:53:46 [Vixen.Sys.VixenSystem] Vixen System successfully stopped. 
12/15/2014 08:54:41 [Vixen.Sys.VixenSystem] Vixen System starting up... 
12/15/2014 08:54:42 [Vixen.Sys.State.Execution.OpeningState] Vixen execution engine entering the open state... 
12/15/2014 08:54:43 [Vixen.Sys.State.Execution.OpenState] Vixen execution engine entered the open state. 
12/15/2014 08:54:43 [Vixen.Sys.VixenSystem] Vixen System successfully started. 
12/15/2014 08:55:47 [Vixen.Sys.VixenSystem] Vixen System stopping... 
12/15/2014 08:55:47 [Vixen.Sys.State.Execution.ClosingState] Vixen execution engine entering the closing state... 
12/15/2014 08:55:47 [Vixen.Sys.State.Execution.ClosedState] Vixen execution engine entered the closed state. 
12/15/2014 08:55:48 [Vixen.Sys.VixenSystem] Vixen System successfully stopped. 
12/15/2014 08:55:58 [Vixen.Sys.VixenSystem] Vixen System starting up... 
12/15/2014 08:55:59 [Vixen.Sys.State.Execution.OpeningState] Vixen execution engine entering the open state... 
12/15/2014 08:55:59 [Vixen.Sys.State.Execution.OpenState] Vixen execution engine entered the open state. 
12/15/2014 08:55:59 [Vixen.Sys.VixenSystem] Vixen System successfully started. 
12/15/2014 08:57:56 [Vixen.Sys.VixenSystem] Vixen System stopping... 
12/15/2014 08:57:56 [Vixen.Sys.State.Execution.ClosingState] Vixen execution engine entering the closing state... 
12/15/2014 08:57:57 [Vixen.Sys.State.Execution.ClosedState] Vixen execution engine entered the closed state. 
12/15/2014 08:57:57 [Vixen.Sys.VixenSystem] Vixen System successfully stopped. 
12/15/2014 08:58:00 [Vixen.Sys.VixenSystem] Vixen System starting up... 
12/15/2014 08:58:01 [Vixen.Sys.State.Execution.OpeningState] Vixen execution engine entering the open state... 
12/15/2014 08:58:01 [Vixen.Sys.State.Execution.OpenState] Vixen execution engine entered the open state. 
12/15/2014 08:58:01 [Vixen.Sys.VixenSystem] Vixen System successfully started. 
12/15/2014 09:00:20 [Vixen.Sys.VixenSystem] Vixen System stopping... 
12/15/2014 09:00:20 [Vixen.Sys.State.Execution.ClosingState] Vixen execution engine entering the closing state... 
12/15/2014 09:00:20 [Vixen.Sys.State.Execution.ClosedState] Vixen execution engine entered the closed state. 
12/15/2014 09:00:21 [Vixen.Sys.VixenSystem] Vixen System successfully stopped. 
12/15/2014 20:55:54 [Vixen.Sys.VixenSystem] Vixen System starting up... 
12/15/2014 20:55:55 [Vixen.Sys.State.Execution.OpeningState] Vixen execution engine entering the open state... 
12/15/2014 20:55:56 [Vixen.Sys.State.Execution.OpenState] Vixen execution engine entered the open state. 
12/15/2014 20:55:56 [Vixen.Sys.VixenSystem] Vixen System successfully started. 
12/15/2014 20:56:12 [Vixen.Sys.VixenSystem] Vixen System stopping... 
12/15/2014 20:56:12 [Vixen.Sys.State.Execution.ClosingState] Vixen execution engine entering the closing state... 
12/15/2014 20:56:16 [Vixen.Sys.State.Execution.ClosedState] Vixen execution engine entered the closed state. 
12/15/2014 20:56:16 [Vixen.Sys.VixenSystem] Vixen System successfully stopped. 
12/15/2014 20:56:32 [Vixen.Sys.VixenSystem] Vixen System starting up... 
12/15/2014 20:56:33 [Vixen.Sys.State.Execution.OpeningState] Vixen execution engine entering the open state... 
12/15/2014 20:56:34 [Vixen.Sys.State.Execution.OpenState] Vixen execution engine entered the open state. 
12/15/2014 20:56:34 [Vixen.Sys.VixenSystem] Vixen System successfully started. 
12/15/2014 20:57:19 [Vixen.Sys.State.Execution.ClosingState] Vixen execution engine entering the closing state... 
12/15/2014 20:57:19 [Vixen.Sys.State.Execution.ClosedState] Vixen execution engine entered the closed state. 
12/15/2014 20:57:19 [Vixen.Sys.State.Execution.OpeningState] Vixen execution engine entering the open state... 
12/15/2014 20:57:20 [Vixen.Sys.State.Execution.OpenState] Vixen execution engine entered the open state. 
12/15/2014 20:57:26 [Vixen.Sys.VixenSystem] Vixen System stopping... 
12/15/2014 20:57:26 [Vixen.Sys.State.Execution.ClosingState] Vixen execution engine entering the closing state... 
12/15/2014 20:57:26 [Vixen.Sys.State.Execution.ClosedState] Vixen execution engine entered the closed state. 
12/15/2014 20:57:26 [Vixen.Sys.VixenSystem] Vixen System successfully stopped. 
12/15/2014 20:57:39 [Vixen.Sys.VixenSystem] Vixen System starting up... 
12/15/2014 20:57:40 [Vixen.Sys.State.Execution.OpeningState] Vixen execution engine entering the open state... 
12/15/2014 20:57:40 [Vixen.Sys.State.Execution.OpenState] Vixen execution engine entered the open state. 
12/15/2014 20:57:40 [Vixen.Sys.VixenSystem] Vixen System successfully started. 
12/15/2014 20:58:51 [Vixen.Sys.VixenSystem] Vixen System stopping... 
12/15/2014 20:58:51 [Vixen.Sys.State.Execution.ClosingState] Vixen execution engine entering the closing state... 
12/15/2014 20:58:51 [Vixen.Sys.State.Execution.ClosedState] Vixen execution engine entered the closed state. 
12/15/2014 20:58:52 [Vixen.Sys.VixenSystem] Vixen System successfully stopped. 
12/15/2014 21:10:03 [Vixen.Sys.VixenSystem] Vixen System starting up... 
12/15/2014 21:10:04 [Vixen.Sys.State.Execution.OpeningState] Vixen execution engine entering the open state... 
12/15/2014 21:10:04 [Vixen.Sys.State.Execution.OpenState] Vixen execution engine entered the open state. 
12/15/2014 21:10:04 [Vixen.Sys.VixenSystem] Vixen System successfully started. 
12/15/2014 21:12:50 [Vixen.Sys.VixenSystem] Vixen System stopping... 
12/15/2014 21:12:50 [Vixen.Sys.State.Execution.ClosingState] Vixen execution engine entering the closing state... 
12/15/2014 21:12:50 [Vixen.Sys.State.Execution.ClosedState] Vixen execution engine entered the closed state. 
12/15/2014 21:12:50 [Vixen.Sys.VixenSystem] Vixen System successfully stopped. 
12/15/2014 21:15:41 [Vixen.Sys.VixenSystem] Vixen System starting up... 
12/15/2014 21:15:42 [Vixen.Sys.State.Execution.OpeningState] Vixen execution engine entering the open state... 
12/15/2014 21:15:42 [Vixen.Sys.State.Execution.OpenState] Vixen execution engine entered the open state. 
12/15/2014 21:15:42 [Vixen.Sys.VixenSystem] Vixen System successfully started. 
12/15/2014 21:19:34 [Vixen.Sys.VixenSystem] Vixen System stopping... 
12/15/2014 21:19:34 [Vixen.Sys.State.Execution.ClosingState] Vixen execution engine entering the closing state... 
12/15/2014 21:19:34 [Vixen.Sys.State.Execution.ClosedState] Vixen execution engine entered the closed state. 
12/15/2014 21:19:34 [Vixen.Sys.VixenSystem] Vixen System successfully stopped. 
12/15/2014 21:22:30 [Vixen.Sys.VixenSystem] Vixen System starting up... 
12/15/2014 21:22:31 [Vixen.Sys.State.Execution.OpeningState] Vixen execution engine entering the open state... 
12/15/2014 21:22:31 [Vixen.Sys.State.Execution.OpenState] Vixen execution engine entered the open state. 
12/15/2014 21:22:31 [Vixen.Sys.VixenSystem] Vixen System successfully started. 
12/15/2014 21:39:22 [Vixen.Sys.VixenSystem] Vixen System starting up... 
12/15/2014 21:39:23 [Vixen.Sys.State.Execution.OpeningState] Vixen execution engine entering the open state... 
12/15/2014 21:39:23 [Vixen.Sys.State.Execution.OpenState] Vixen execution engine entered the open state. 
12/15/2014 21:39:23 [Vixen.Sys.VixenSystem] Vixen System successfully started. 
12/15/2014 22:28:52 [Vixen.Sys.VixenSystem] Vixen System stopping... 
12/15/2014 22:28:52 [Vixen.Sys.State.Execution.ClosingState] Vixen execution engine entering the closing state... 
12/15/2014 22:28:52 [Vixen.Sys.State.Execution.ClosedState] Vixen execution engine entered the closed state. 
12/15/2014 22:28:53 [Vixen.Sys.VixenSystem] Vixen System successfully stopped. 
12/15/2014 22:29:07 [Vixen.Sys.VixenSystem] Vixen System starting up... 
12/15/2014 22:29:08 [Vixen.Sys.State.Execution.OpeningState] Vixen execution engine entering the open state... 
12/15/2014 22:29:08 [Vixen.Sys.State.Execution.OpenState] Vixen execution engine entered the open state. 
12/15/2014 22:29:08 [Vixen.Sys.VixenSystem] Vixen System successfully started. 
12/15/2014 23:17:12 [Vixen.Sys.VixenSystem] Vixen System stopping... 
12/15/2014 23:17:12 [Vixen.Sys.State.Execution.ClosingState] Vixen execution engine entering the closing state... 
12/15/2014 23:17:20 [Vixen.Sys.State.Execution.ClosedState] Vixen execution engine entered the closed state. 
12/15/2014 23:17:21 [Vixen.Sys.VixenSystem] Vixen System successfully stopped. 
12/15/2014 23:17:48 [Vixen.Sys.VixenSystem] Vixen System starting up... 
12/15/2014 23:17:49 [Vixen.Sys.State.Execution.OpeningState] Vixen execution engine entering the open state... 
12/15/2014 23:17:50 [Vixen.Sys.State.Execution.OpenState] Vixen execution engine entered the open state. 
12/15/2014 23:17:50 [Vixen.Sys.VixenSystem] Vixen System successfully started. 
12/15/2014 23:20:54 [Vixen.Sys.VixenSystem] Vixen System stopping... 
12/15/2014 23:20:54 [Vixen.Sys.State.Execution.ClosingState] Vixen execution engine entering the closing state... 
12/15/2014 23:20:55 [Vixen.Sys.State.Execution.ClosedState] Vixen execution engine entered the closed state. 
12/15/2014 23:20:55 [Vixen.Sys.VixenSystem] Vixen System successfully stopped. 
12/15/2014 23:21:15 [Vixen.Sys.VixenSystem] Vixen System starting up... 
12/15/2014 23:21:16 [Vixen.Sys.State.Execution.OpeningState] Vixen execution engine entering the open state... 
12/15/2014 23:21:16 [Vixen.Sys.State.Execution.OpenState] Vixen execution engine entered the open state. 
12/15/2014 23:21:16 [Vixen.Sys.VixenSystem] Vixen System successfully started. 
12/15/2014 23:22:34 [Vixen.Sys.VixenSystem] Vixen System stopping... 
12/15/2014 23:22:34 [Vixen.Sys.State.Execution.ClosingState] Vixen execution engine entering the closing state... 
12/15/2014 23:22:42 [Vixen.Sys.State.Execution.ClosedState] Vixen execution engine entered the closed state. 
12/15/2014 23:22:42 [Vixen.Sys.VixenSystem] Vixen System successfully stopped. 
12/15/2014 23:42:36 [Vixen.Sys.VixenSystem] Vixen System starting up... 
12/15/2014 23:42:37 [Vixen.Sys.State.Execution.OpeningState] Vixen execution engine entering the open state... 
12/15/2014 23:42:37 [Vixen.Sys.State.Execution.OpenState] Vixen execution engine entered the open state. 
12/15/2014 23:42:37 [Vixen.Sys.VixenSystem] Vixen System successfully started. 
12/16/2014 00:23:23 [Vixen.Sys.VixenSystem] Vixen System stopping... 
12/16/2014 00:23:23 [Vixen.Sys.State.Execution.ClosingState] Vixen execution engine entering the closing state... 
12/16/2014 00:23:23 [Vixen.Sys.State.Execution.ClosedState] Vixen execution engine entered the closed state. 
12/16/2014 00:23:23 [Vixen.Sys.VixenSystem] Vixen System successfully stopped. 
12/16/2014 07:30:43 [Vixen.Sys.VixenSystem] Vixen System starting up... 
12/16/2014 07:30:44 [Vixen.Sys.State.Execution.OpeningState] Vixen execution engine entering the open state... 
12/16/2014 07:30:45 [Vixen.Sys.State.Execution.OpenState] Vixen execution engine entered the open state. 
12/16/2014 07:30:45 [Vixen.Sys.VixenSystem] Vixen System successfully started. 
12/16/2014 07:44:46 [Vixen.Sys.VixenSystem] Vixen System starting up... 
12/16/2014 07:44:47 [Vixen.Sys.State.Execution.OpeningState] Vixen execution engine entering the open state... 
12/16/2014 07:44:47 [Vixen.Sys.State.Execution.OpenState] Vixen execution engine entered the open state. 
12/16/2014 07:44:47 [Vixen.Sys.VixenSystem] Vixen System successfully started. 
12/16/2014 09:20:50 [Vixen.Sys.VixenSystem] Vixen System starting up... 
12/16/2014 09:20:51 [Vixen.Sys.State.Execution.OpeningState] Vixen execution engine entering the open state... 
12/16/2014 09:20:51 [Vixen.Sys.State.Execution.OpenState] Vixen execution engine entered the open state. 
12/16/2014 09:20:51 [Vixen.Sys.VixenSystem] Vixen System successfully started. 
12/16/2014 12:12:06 [Vixen.Sys.VixenSystem] Vixen System stopping... 
12/16/2014 12:12:06 [Vixen.Sys.State.Execution.ClosingState] Vixen execution engine entering the closing state... 
12/16/2014 12:12:06 [Vixen.Sys.State.Execution.ClosedState] Vixen execution engine entered the closed state. 
12/16/2014 12:12:06 [Vixen.Sys.VixenSystem] Vixen System successfully stopped. 
12/16/2014 12:28:20 [Vixen.Sys.VixenSystem] Vixen System starting up... 
12/16/2014 12:28:22 [Vixen.Sys.State.Execution.OpeningState] Vixen execution engine entering the open state... 
12/16/2014 12:28:22 [Vixen.Sys.State.Execution.OpenState] Vixen execution engine entered the open state. 
12/16/2014 12:28:22 [Vixen.Sys.VixenSystem] Vixen System successfully started. 
12/16/2014 13:44:57 [Vixen.Sys.VixenSystem] Vixen System stopping... 
12/16/2014 13:44:57 [Vixen.Sys.State.Execution.ClosingState] Vixen execution engine entering the closing state... 
12/16/2014 13:44:57 [Vixen.Sys.State.Execution.ClosedState] Vixen execution engine entered the closed state. 
12/16/2014 13:44:57 [Vixen.Sys.VixenSystem] Vixen System successfully stopped. 
12/16/2014 13:45:01 [Vixen.Sys.VixenSystem] Vixen System starting up... 
12/16/2014 13:45:02 [Vixen.Sys.State.Execution.OpeningState] Vixen execution engine entering the open state... 
12/16/2014 13:45:02 [Vixen.Sys.State.Execution.OpenState] Vixen execution engine entered the open state. 
12/16/2014 13:45:02 [Vixen.Sys.VixenSystem] Vixen System successfully started. 
12/16/2014 14:29:40 [Vixen.Sys.VixenSystem] Vixen System starting up... 
12/16/2014 14:29:41 [Vixen.Sys.State.Execution.OpeningState] Vixen execution engine entering the open state... 
12/16/2014 14:29:41 [Vixen.Sys.State.Execution.OpenState] Vixen execution engine entered the open state. 
12/16/2014 14:29:41 [Vixen.Sys.VixenSystem] Vixen System successfully started. 
12/16/2014 16:23:07 [Vixen.Sys.VixenSystem] Vixen System stopping... 
12/16/2014 16:23:07 [Vixen.Sys.State.Execution.ClosingState] Vixen execution engine entering the closing state... 
12/16/2014 16:23:07 [Vixen.Sys.State.Execution.ClosedState] Vixen execution engine entered the closed state. 
12/16/2014 16:23:07 [Vixen.Sys.VixenSystem] Vixen System successfully stopped. 
12/16/2014 18:30:49 [Vixen.Sys.VixenSystem] Vixen System starting up... 
12/16/2014 18:30:51 [Vixen.Sys.State.Execution.OpeningState] Vixen execution engine entering the open state... 
12/16/2014 18:30:51 [Vixen.Sys.State.Execution.OpenState] Vixen execution engine entered the open state. 
12/16/2014 18:30:51 [Vixen.Sys.VixenSystem] Vixen System successfully started. 
12/16/2014 19:21:41 [Vixen.Sys.VixenSystem] Vixen System stopping... 
12/16/2014 19:21:41 [Vixen.Sys.State.Execution.ClosingState] Vixen execution engine entering the closing state... 
12/16/2014 19:21:45 [Vixen.Sys.State.Execution.ClosedState] Vixen execution engine entered the closed state. 
12/16/2014 19:21:45 [Vixen.Sys.VixenSystem] Vixen System successfully stopped. 
12/16/2014 20:48:57 [Vixen.Sys.VixenSystem] Vixen System starting up... 
12/16/2014 20:48:58 [Vixen.Sys.State.Execution.OpeningState] Vixen execution engine entering the open state... 
12/16/2014 20:48:59 [Vixen.Sys.State.Execution.OpenState] Vixen execution engine entered the open state. 
12/16/2014 20:48:59 [Vixen.Sys.VixenSystem] Vixen System successfully started. 
12/16/2014 21:36:09 [Vixen.Sys.VixenSystem] Vixen System stopping... 
12/16/2014 21:36:09 [Vixen.Sys.State.Execution.ClosingState] Vixen execution engine entering the closing state... 
12/16/2014 21:36:09 [Vixen.Sys.State.Execution.ClosedState] Vixen execution engine entered the closed state. 
12/16/2014 21:36:10 [Vixen.Sys.VixenSystem] Vixen System successfully stopped. 
12/16/2014 21:36:52 [Vixen.Sys.VixenSystem] Vixen System starting up... 
12/16/2014 21:36:53 [Vixen.Sys.State.Execution.OpeningState] Vixen execution engine entering the open state... 
12/16/2014 21:36:53 [Vixen.Sys.State.Execution.OpenState] Vixen execution engine entered the open state. 
12/16/2014 21:36:53 [Vixen.Sys.VixenSystem] Vixen System successfully started. 
12/17/2014 00:58:03 [Vixen.Sys.VixenSystem] Vixen System stopping... 
12/17/2014 00:58:03 [Vixen.Sys.State.Execution.ClosingState] Vixen execution engine entering the closing state... 
12/17/2014 00:58:03 [Vixen.Sys.State.Execution.ClosedState] Vixen execution engine entered the closed state. 
12/17/2014 00:58:04 [Vixen.Sys.VixenSystem] Vixen System successfully stopped. 
12/18/2014 14:20:07 [Vixen.Sys.VixenSystem] Vixen System starting up... 
12/18/2014 14:20:08 [Vixen.Sys.State.Execution.OpeningState] Vixen execution engine entering the open state... 
12/18/2014 14:20:09 [Vixen.Sys.State.Execution.OpenState] Vixen execution engine entered the open state. 
12/18/2014 14:20:09 [Vixen.Sys.VixenSystem] Vixen System successfully started. 
12/18/2014 14:21:54 [Vixen.Sys.VixenSystem] Vixen System stopping... 
12/18/2014 14:21:54 [Vixen.Sys.State.Execution.ClosingState] Vixen execution engine entering the closing state... 
12/18/2014 14:21:58 [Vixen.Sys.State.Execution.ClosedState] Vixen execution engine entered the closed state. 
12/18/2014 14:21:59 [Vixen.Sys.VixenSystem] Vixen System successfully stopped. 
