12/08/2014 20:08:37 [VixenModules.Preview.VixenPreview.GDIPreviewForm] VixenPreviewDisplay_Resize: Data is null. abandoning resize. (Thread ID: 13) 
12/08/2014 20:09:10 [VixenModules.Preview.VixenPreview.VixenPreviewSetup3] VixenPreviewSetup3: access of null Data. (Thread ID: 1) 
12/08/2014 20:09:10 [VixenModules.Preview.VixenPreview.VixenPreviewSetup3] VixenPreviewSetup3_Resize: Data is null. abandoning resize. (Thread ID: 1) 
12/08/2014 20:15:33 [VixenModules.Preview.VixenPreview.GDIPreviewForm] VixenPreviewDisplay_Resize: Data is null. abandoning resize. (Thread ID: 9) 
12/08/2014 20:15:41 [VixenModules.Preview.VixenPreview.VixenPreviewSetup3] VixenPreviewSetup3: access of null Data. (Thread ID: 1) 
12/08/2014 20:15:41 [VixenModules.Preview.VixenPreview.VixenPreviewSetup3] VixenPreviewSetup3_Resize: Data is null. abandoning resize. (Thread ID: 1) 
12/08/2014 20:45:31 [VixenModules.Preview.VixenPreview.GDIPreviewForm] VixenPreviewDisplay_Resize: Data is null. abandoning resize. (Thread ID: 7) 
12/08/2014 21:41:47 [VixenModules.Preview.VixenPreview.GDIPreviewForm] VixenPreviewDisplay_Resize: Data is null. abandoning resize. (Thread ID: 9) 
12/08/2014 21:41:59 [VixenModules.Preview.VixenPreview.GDIPreviewForm] VixenPreviewDisplay_Resize: Data is null. abandoning resize. (Thread ID: 18) 
12/08/2014 21:43:08 [VixenModules.Preview.VixenPreview.GDIPreviewForm] VixenPreviewDisplay_Resize: Data is null. abandoning resize. (Thread ID: 9) 
12/08/2014 21:44:58 [VixenModules.Preview.VixenPreview.GDIPreviewForm] VixenPreviewDisplay_Resize: Data is null. abandoning resize. (Thread ID: 9) 
12/09/2014 00:07:54 [VixenModules.Preview.VixenPreview.GDIPreviewForm] VixenPreviewDisplay_Resize: Data is null. abandoning resize. (Thread ID: 9) 
12/09/2014 20:36:25 [VixenModules.Preview.VixenPreview.GDIPreviewForm] VixenPreviewDisplay_Resize: Data is null. abandoning resize. (Thread ID: 9) 
12/09/2014 20:51:10 [VixenModules.Preview.VixenPreview.GDIPreviewForm] VixenPreviewDisplay_Resize: Data is null. abandoning resize. (Thread ID: 9) 
12/09/2014 20:57:33 [VixenModules.Preview.VixenPreview.GDIPreviewForm] VixenPreviewDisplay_Resize: Data is null. abandoning resize. (Thread ID: 9) 
12/09/2014 23:39:33 [VixenModules.Preview.VixenPreview.GDIPreviewForm] VixenPreviewDisplay_Resize: Data is null. abandoning resize. (Thread ID: 9) 
12/10/2014 00:49:11 [VixenModules.Preview.VixenPreview.GDIPreviewForm] VixenPreviewDisplay_Resize: Data is null. abandoning resize. (Thread ID: 9) 
12/10/2014 01:03:31 [VixenModules.Preview.VixenPreview.GDIPreviewForm] VixenPreviewDisplay_Resize: Data is null. abandoning resize. (Thread ID: 9) 
12/10/2014 01:03:56 [VixenModules.Preview.VixenPreview.GDIPreviewForm] VixenPreviewDisplay_Resize: Data is null. abandoning resize. (Thread ID: 9) 
12/10/2014 01:18:43 [VixenModules.Preview.VixenPreview.GDIPreviewForm] VixenPreviewDisplay_Resize: Data is null. abandoning resize. (Thread ID: 9) 
12/10/2014 01:19:14 [VixenModules.Preview.VixenPreview.GDIPreviewForm] VixenPreviewDisplay_Resize: Data is null. abandoning resize. (Thread ID: 9) 
12/10/2014 01:19:53 [VixenModules.Preview.VixenPreview.GDIPreviewForm] VixenPreviewDisplay_Resize: Data is null. abandoning resize. (Thread ID: 9) 
12/10/2014 01:24:24 [VixenModules.Preview.VixenPreview.GDIPreviewForm] VixenPreviewDisplay_Resize: Data is null. abandoning resize. (Thread ID: 9) 
12/10/2014 01:28:04 [VixenModules.Preview.VixenPreview.GDIPreviewForm] VixenPreviewDisplay_Resize: Data is null. abandoning resize. (Thread ID: 9) 
12/10/2014 01:39:32 [VixenModules.Preview.VixenPreview.GDIPreviewForm] VixenPreviewDisplay_Resize: Data is null. abandoning resize. (Thread ID: 9) 
12/10/2014 02:44:12 [VixenModules.Preview.VixenPreview.GDIPreviewForm] VixenPreviewDisplay_Resize: Data is null. abandoning resize. (Thread ID: 9) 
12/10/2014 07:14:19 [VixenModules.Preview.VixenPreview.GDIPreviewForm] VixenPreviewDisplay_Resize: Data is null. abandoning resize. (Thread ID: 9) 
12/10/2014 23:02:32 [VixenModules.Preview.VixenPreview.GDIPreviewForm] VixenPreviewDisplay_Resize: Data is null. abandoning resize. (Thread ID: 9) 
12/10/2014 23:06:07 [VixenModules.Preview.VixenPreview.GDIPreviewForm] VixenPreviewDisplay_Resize: Data is null. abandoning resize. (Thread ID: 9) 
12/10/2014 23:07:38 [VixenModules.Preview.VixenPreview.GDIPreviewForm] VixenPreviewDisplay_Resize: Data is null. abandoning resize. (Thread ID: 9) 
12/10/2014 23:15:34 [VixenModules.Preview.VixenPreview.GDIPreviewForm] VixenPreviewDisplay_Resize: Data is null. abandoning resize. (Thread ID: 9) 
12/10/2014 23:40:44 [VixenModules.Preview.VixenPreview.GDIPreviewForm] VixenPreviewDisplay_Resize: Data is null. abandoning resize. (Thread ID: 9) 
12/10/2014 23:58:02 [VixenModules.Preview.VixenPreview.GDIPreviewForm] VixenPreviewDisplay_Resize: Data is null. abandoning resize. (Thread ID: 9) 
12/11/2014 00:00:50 [VixenModules.Preview.VixenPreview.GDIPreviewForm] VixenPreviewDisplay_Resize: Data is null. abandoning resize. (Thread ID: 9) 
12/11/2014 00:01:50 [VixenModules.Preview.VixenPreview.GDIPreviewForm] VixenPreviewDisplay_Resize: Data is null. abandoning resize. (Thread ID: 9) 
12/11/2014 00:12:52 [VixenModules.Preview.VixenPreview.GDIPreviewForm] VixenPreviewDisplay_Resize: Data is null. abandoning resize. (Thread ID: 9) 
12/11/2014 00:27:46 [VixenModules.Preview.VixenPreview.GDIPreviewForm] VixenPreviewDisplay_Resize: Data is null. abandoning resize. (Thread ID: 9) 
12/11/2014 00:28:08 [VixenModules.Preview.VixenPreview.GDIPreviewForm] VixenPreviewDisplay_Resize: Data is null. abandoning resize. (Thread ID: 9) 
12/11/2014 00:39:29 [VixenModules.Preview.VixenPreview.GDIPreviewForm] VixenPreviewDisplay_Resize: Data is null. abandoning resize. (Thread ID: 9) 
12/11/2014 01:37:57 [VixenModules.Preview.VixenPreview.GDIPreviewForm] VixenPreviewDisplay_Resize: Data is null. abandoning resize. (Thread ID: 9) 
12/11/2014 01:42:44 [VixenModules.Preview.VixenPreview.GDIPreviewForm] VixenPreviewDisplay_Resize: Data is null. abandoning resize. (Thread ID: 9) 
12/12/2014 19:05:00 [VixenModules.Preview.VixenPreview.GDIPreviewForm] VixenPreviewDisplay_Resize: Data is null. abandoning resize. (Thread ID: 8) 
12/12/2014 19:05:51 [VixenModules.Preview.VixenPreview.GDIPreviewForm] VixenPreviewDisplay_Resize: Data is null. abandoning resize. (Thread ID: 8) 
12/12/2014 19:10:45 [VixenModules.Preview.VixenPreview.GDIPreviewForm] VixenPreviewDisplay_Resize: Data is null. abandoning resize. (Thread ID: 8) 
12/12/2014 19:11:35 [VixenModules.Preview.VixenPreview.GDIPreviewForm] VixenPreviewDisplay_Resize: Data is null. abandoning resize. (Thread ID: 14) 
12/12/2014 19:36:59 [VixenModules.Preview.VixenPreview.GDIPreviewForm] VixenPreviewDisplay_Resize: Data is null. abandoning resize. (Thread ID: 9) 
12/13/2014 19:09:12 [VixenModules.Preview.VixenPreview.GDIPreviewForm] VixenPreviewDisplay_Resize: Data is null. abandoning resize. (Thread ID: 9) 
12/13/2014 20:02:24 [VixenModules.Preview.VixenPreview.GDIPreviewForm] VixenPreviewDisplay_Resize: Data is null. abandoning resize. (Thread ID: 9) 
12/13/2014 20:05:17 [VixenModules.Preview.VixenPreview.GDIPreviewForm] VixenPreviewDisplay_Resize: Data is null. abandoning resize. (Thread ID: 9) 
12/13/2014 20:06:53 [VixenModules.Preview.VixenPreview.GDIPreviewForm] VixenPreviewDisplay_Resize: Data is null. abandoning resize. (Thread ID: 25) 
12/13/2014 20:07:19 [VixenModules.Preview.VixenPreview.GDIPreviewForm] VixenPreviewDisplay_Resize: Data is null. abandoning resize. (Thread ID: 9) 
12/13/2014 20:36:47 [VixenModules.Preview.VixenPreview.GDIPreviewForm] VixenPreviewDisplay_Resize: Data is null. abandoning resize. (Thread ID: 9) 
12/13/2014 21:01:40 [VixenModules.Preview.VixenPreview.GDIPreviewForm] VixenPreviewDisplay_Resize: Data is null. abandoning resize. (Thread ID: 9) 
12/13/2014 21:14:29 [VixenModules.Preview.VixenPreview.GDIPreviewForm] VixenPreviewDisplay_Resize: Data is null. abandoning resize. (Thread ID: 9) 
12/13/2014 21:18:02 [VixenModules.Preview.VixenPreview.GDIPreviewForm] VixenPreviewDisplay_Resize: Data is null. abandoning resize. (Thread ID: 9) 
12/13/2014 21:23:42 [VixenModules.Preview.VixenPreview.GDIPreviewForm] VixenPreviewDisplay_Resize: Data is null. abandoning resize. (Thread ID: 9) 
12/13/2014 21:24:50 [VixenModules.Preview.VixenPreview.GDIPreviewForm] VixenPreviewDisplay_Resize: Data is null. abandoning resize. (Thread ID: 9) 
12/13/2014 21:27:17 [VixenModules.Preview.VixenPreview.GDIPreviewForm] VixenPreviewDisplay_Resize: Data is null. abandoning resize. (Thread ID: 9) 
12/13/2014 21:29:21 [VixenModules.Preview.VixenPreview.GDIPreviewForm] VixenPreviewDisplay_Resize: Data is null. abandoning resize. (Thread ID: 8) 
12/13/2014 21:30:14 [VixenModules.Preview.VixenPreview.GDIPreviewForm] VixenPreviewDisplay_Resize: Data is null. abandoning resize. (Thread ID: 9) 
12/13/2014 21:33:25 [VixenModules.Preview.VixenPreview.GDIPreviewForm] VixenPreviewDisplay_Resize: Data is null. abandoning resize. (Thread ID: 9) 
12/13/2014 21:37:30 [VixenModules.Preview.VixenPreview.GDIPreviewForm] VixenPreviewDisplay_Resize: Data is null. abandoning resize. (Thread ID: 9) 
12/13/2014 21:39:31 [VixenModules.Preview.VixenPreview.GDIPreviewForm] VixenPreviewDisplay_Resize: Data is null. abandoning resize. (Thread ID: 9) 
12/13/2014 21:43:09 [VixenModules.Preview.VixenPreview.GDIPreviewForm] VixenPreviewDisplay_Resize: Data is null. abandoning resize. (Thread ID: 9) 
12/13/2014 21:48:30 [VixenModules.Preview.VixenPreview.GDIPreviewForm] VixenPreviewDisplay_Resize: Data is null. abandoning resize. (Thread ID: 8) 
12/13/2014 21:56:30 [VixenModules.Preview.VixenPreview.GDIPreviewForm] VixenPreviewDisplay_Resize: Data is null. abandoning resize. (Thread ID: 9) 
12/13/2014 22:00:23 [VixenModules.Preview.VixenPreview.GDIPreviewForm] VixenPreviewDisplay_Resize: Data is null. abandoning resize. (Thread ID: 9) 
12/13/2014 22:03:13 [VixenModules.Preview.VixenPreview.GDIPreviewForm] VixenPreviewDisplay_Resize: Data is null. abandoning resize. (Thread ID: 9) 
12/13/2014 22:04:28 [VixenModules.Preview.VixenPreview.GDIPreviewForm] VixenPreviewDisplay_Resize: Data is null. abandoning resize. (Thread ID: 9) 
12/13/2014 22:06:12 [VixenModules.Preview.VixenPreview.GDIPreviewForm] VixenPreviewDisplay_Resize: Data is null. abandoning resize. (Thread ID: 9) 
12/13/2014 22:06:57 [VixenModules.Preview.VixenPreview.GDIPreviewForm] VixenPreviewDisplay_Resize: Data is null. abandoning resize. (Thread ID: 9) 
12/13/2014 22:09:51 [VixenModules.Preview.VixenPreview.GDIPreviewForm] VixenPreviewDisplay_Resize: Data is null. abandoning resize. (Thread ID: 9) 
12/13/2014 22:12:00 [VixenModules.Preview.VixenPreview.GDIPreviewForm] VixenPreviewDisplay_Resize: Data is null. abandoning resize. (Thread ID: 9) 
12/13/2014 22:29:10 [VixenModules.Preview.VixenPreview.GDIPreviewForm] VixenPreviewDisplay_Resize: Data is null. abandoning resize. (Thread ID: 9) 
12/13/2014 22:51:41 [VixenModules.Preview.VixenPreview.GDIPreviewForm] VixenPreviewDisplay_Resize: Data is null. abandoning resize. (Thread ID: 9) 
12/14/2014 18:33:45 [VixenModules.Preview.VixenPreview.GDIPreviewForm] VixenPreviewDisplay_Resize: Data is null. abandoning resize. (Thread ID: 9) 
12/14/2014 18:44:52 [VixenModules.Preview.VixenPreview.GDIPreviewForm] VixenPreviewDisplay_Resize: Data is null. abandoning resize. (Thread ID: 9) 
12/14/2014 18:53:26 [VixenModules.Preview.VixenPreview.GDIPreviewForm] VixenPreviewDisplay_Resize: Data is null. abandoning resize. (Thread ID: 9) 
12/14/2014 18:56:08 [VixenModules.Preview.VixenPreview.GDIPreviewForm] VixenPreviewDisplay_Resize: Data is null. abandoning resize. (Thread ID: 9) 
12/14/2014 18:58:44 [VixenModules.Preview.VixenPreview.GDIPreviewForm] VixenPreviewDisplay_Resize: Data is null. abandoning resize. (Thread ID: 9) 
12/14/2014 19:01:28 [VixenModules.Preview.VixenPreview.GDIPreviewForm] VixenPreviewDisplay_Resize: Data is null. abandoning resize. (Thread ID: 9) 
12/14/2014 19:01:45 [VixenModules.Preview.VixenPreview.GDIPreviewForm] VixenPreviewDisplay_Resize: Data is null. abandoning resize. (Thread ID: 9) 
12/14/2014 19:02:11 [VixenModules.Preview.VixenPreview.GDIPreviewForm] VixenPreviewDisplay_Resize: Data is null. abandoning resize. (Thread ID: 9) 
12/14/2014 19:05:21 [VixenModules.Preview.VixenPreview.GDIPreviewForm] VixenPreviewDisplay_Resize: Data is null. abandoning resize. (Thread ID: 9) 
12/14/2014 19:10:03 [VixenModules.Preview.VixenPreview.GDIPreviewForm] VixenPreviewDisplay_Resize: Data is null. abandoning resize. (Thread ID: 9) 
12/14/2014 19:10:35 [VixenModules.Preview.VixenPreview.GDIPreviewForm] VixenPreviewDisplay_Resize: Data is null. abandoning resize. (Thread ID: 9) 
12/14/2014 19:11:31 [VixenModules.Preview.VixenPreview.GDIPreviewForm] VixenPreviewDisplay_Resize: Data is null. abandoning resize. (Thread ID: 9) 
12/14/2014 19:12:04 [VixenModules.Preview.VixenPreview.GDIPreviewForm] VixenPreviewDisplay_Resize: Data is null. abandoning resize. (Thread ID: 9) 
12/14/2014 19:12:38 [VixenModules.Preview.VixenPreview.GDIPreviewForm] VixenPreviewDisplay_Resize: Data is null. abandoning resize. (Thread ID: 9) 
12/14/2014 19:23:33 [VixenModules.Preview.VixenPreview.GDIPreviewForm] VixenPreviewDisplay_Resize: Data is null. abandoning resize. (Thread ID: 9) 
12/14/2014 19:26:27 [VixenModules.Preview.VixenPreview.GDIPreviewForm] VixenPreviewDisplay_Resize: Data is null. abandoning resize. (Thread ID: 9) 
12/14/2014 19:30:50 [VixenModules.Preview.VixenPreview.GDIPreviewForm] VixenPreviewDisplay_Resize: Data is null. abandoning resize. (Thread ID: 9) 
12/14/2014 19:34:18 [VixenModules.Preview.VixenPreview.GDIPreviewForm] VixenPreviewDisplay_Resize: Data is null. abandoning resize. (Thread ID: 9) 
12/14/2014 19:35:08 [VixenModules.Preview.VixenPreview.GDIPreviewForm] VixenPreviewDisplay_Resize: Data is null. abandoning resize. (Thread ID: 9) 
12/14/2014 19:37:06 [VixenModules.Preview.VixenPreview.GDIPreviewForm] VixenPreviewDisplay_Resize: Data is null. abandoning resize. (Thread ID: 9) 
12/14/2014 19:59:34 [VixenModules.Preview.VixenPreview.GDIPreviewForm] VixenPreviewDisplay_Resize: Data is null. abandoning resize. (Thread ID: 9) 
12/14/2014 20:10:24 [VixenModules.Preview.VixenPreview.GDIPreviewForm] VixenPreviewDisplay_Resize: Data is null. abandoning resize. (Thread ID: 9) 
12/14/2014 20:16:31 [VixenModules.Preview.VixenPreview.GDIPreviewForm] VixenPreviewDisplay_Resize: Data is null. abandoning resize. (Thread ID: 9) 
12/14/2014 20:17:18 [VixenModules.Preview.VixenPreview.GDIPreviewForm] VixenPreviewDisplay_Resize: Data is null. abandoning resize. (Thread ID: 9) 
12/14/2014 20:19:22 [VixenModules.Preview.VixenPreview.GDIPreviewForm] VixenPreviewDisplay_Resize: Data is null. abandoning resize. (Thread ID: 9) 
12/14/2014 20:30:43 [VixenModules.Preview.VixenPreview.GDIPreviewForm] VixenPreviewDisplay_Resize: Data is null. abandoning resize. (Thread ID: 9) 
12/14/2014 20:46:28 [VixenModules.Preview.VixenPreview.GDIPreviewForm] VixenPreviewDisplay_Resize: Data is null. abandoning resize. (Thread ID: 9) 
12/14/2014 20:56:56 [VixenModules.Preview.VixenPreview.GDIPreviewForm] VixenPreviewDisplay_Resize: Data is null. abandoning resize. (Thread ID: 9) 
12/14/2014 20:57:35 [VixenModules.Preview.VixenPreview.GDIPreviewForm] VixenPreviewDisplay_Resize: Data is null. abandoning resize. (Thread ID: 9) 
12/14/2014 20:58:09 [VixenModules.Preview.VixenPreview.GDIPreviewForm] VixenPreviewDisplay_Resize: Data is null. abandoning resize. (Thread ID: 9) 
12/14/2014 20:58:41 [VixenModules.Preview.VixenPreview.GDIPreviewForm] VixenPreviewDisplay_Resize: Data is null. abandoning resize. (Thread ID: 9) 
12/14/2014 20:59:33 [VixenModules.Preview.VixenPreview.GDIPreviewForm] VixenPreviewDisplay_Resize: Data is null. abandoning resize. (Thread ID: 9) 
12/14/2014 21:15:14 [VixenModules.Preview.VixenPreview.GDIPreviewForm] VixenPreviewDisplay_Resize: Data is null. abandoning resize. (Thread ID: 9) 
12/14/2014 22:22:51 [VixenModules.Preview.VixenPreview.GDIPreviewForm] VixenPreviewDisplay_Resize: Data is null. abandoning resize. (Thread ID: 9) 
12/15/2014 01:00:24 [VixenModules.Preview.VixenPreview.GDIPreviewForm] VixenPreviewDisplay_Resize: Data is null. abandoning resize. (Thread ID: 9) 
12/15/2014 01:36:47 [VixenModules.Preview.VixenPreview.GDIPreviewForm] VixenPreviewDisplay_Resize: Data is null. abandoning resize. (Thread ID: 9) 
12/15/2014 07:42:18 [VixenModules.Preview.VixenPreview.GDIPreviewForm] VixenPreviewDisplay_Resize: Data is null. abandoning resize. (Thread ID: 9) 
12/15/2014 08:04:09 [VixenModules.Preview.VixenPreview.GDIPreviewForm] VixenPreviewDisplay_Resize: Data is null. abandoning resize. (Thread ID: 9) 
12/15/2014 08:54:43 [VixenModules.Preview.VixenPreview.GDIPreviewForm] VixenPreviewDisplay_Resize: Data is null. abandoning resize. (Thread ID: 9) 
12/15/2014 08:55:59 [VixenModules.Preview.VixenPreview.GDIPreviewForm] VixenPreviewDisplay_Resize: Data is null. abandoning resize. (Thread ID: 9) 
12/15/2014 08:58:01 [VixenModules.Preview.VixenPreview.GDIPreviewForm] VixenPreviewDisplay_Resize: Data is null. abandoning resize. (Thread ID: 9) 
12/15/2014 20:55:56 [VixenModules.Preview.VixenPreview.GDIPreviewForm] VixenPreviewDisplay_Resize: Data is null. abandoning resize. (Thread ID: 8) 
12/15/2014 20:56:34 [VixenModules.Preview.VixenPreview.GDIPreviewForm] VixenPreviewDisplay_Resize: Data is null. abandoning resize. (Thread ID: 9) 
12/15/2014 20:57:19 [VixenModules.Preview.VixenPreview.GDIPreviewForm] VixenPreviewDisplay_Resize: Data is null. abandoning resize. (Thread ID: 16) 
12/15/2014 20:57:40 [VixenModules.Preview.VixenPreview.GDIPreviewForm] VixenPreviewDisplay_Resize: Data is null. abandoning resize. (Thread ID: 9) 
12/15/2014 21:10:04 [VixenModules.Preview.VixenPreview.GDIPreviewForm] VixenPreviewDisplay_Resize: Data is null. abandoning resize. (Thread ID: 9) 
12/15/2014 21:15:42 [VixenModules.Preview.VixenPreview.GDIPreviewForm] VixenPreviewDisplay_Resize: Data is null. abandoning resize. (Thread ID: 9) 
12/15/2014 21:22:31 [VixenModules.Preview.VixenPreview.GDIPreviewForm] VixenPreviewDisplay_Resize: Data is null. abandoning resize. (Thread ID: 9) 
12/15/2014 21:39:23 [VixenModules.Preview.VixenPreview.GDIPreviewForm] VixenPreviewDisplay_Resize: Data is null. abandoning resize. (Thread ID: 9) 
12/15/2014 22:29:08 [VixenModules.Preview.VixenPreview.GDIPreviewForm] VixenPreviewDisplay_Resize: Data is null. abandoning resize. (Thread ID: 9) 
12/15/2014 22:57:08 [VixenModules.Effect.Nutcracker.Nutcracker] numEle 100 != totalPixels 72 
12/15/2014 22:57:11 [VixenModules.Effect.Nutcracker.Nutcracker] numEle 100 != totalPixels 72 
12/15/2014 22:57:14 [VixenModules.Effect.Nutcracker.Nutcracker] numEle 100 != totalPixels 72 
12/15/2014 22:58:16 [VixenModules.Effect.Nutcracker.Nutcracker] numEle 100 != totalPixels 72 
12/15/2014 22:58:21 [VixenModules.Effect.Nutcracker.Nutcracker] numEle 100 != totalPixels 72 
12/15/2014 22:59:44 [VixenModules.Effect.Nutcracker.Nutcracker] numEle 100 != totalPixels 72 
12/15/2014 23:06:03 [VixenModules.Effect.Nutcracker.Nutcracker] numEle 100 != totalPixels 72 
12/15/2014 23:06:44 [VixenModules.Effect.Nutcracker.Nutcracker] numEle 100 != totalPixels 72 
12/15/2014 23:07:45 [VixenModules.Effect.Nutcracker.Nutcracker] numEle 100 != totalPixels 72 
12/15/2014 23:08:47 [VixenModules.Effect.Nutcracker.Nutcracker] numEle 100 != totalPixels 72 
12/15/2014 23:08:54 [VixenModules.Effect.Nutcracker.Nutcracker] numEle 100 != totalPixels 72 
12/15/2014 23:10:30 [VixenModules.Effect.Nutcracker.Nutcracker] numEle 100 != totalPixels 72 
12/15/2014 23:17:49 [VixenModules.Preview.VixenPreview.GDIPreviewForm] VixenPreviewDisplay_Resize: Data is null. abandoning resize. (Thread ID: 9) 
12/15/2014 23:18:47 [VixenModules.Effect.Nutcracker.Nutcracker] numEle 100 != totalPixels 72 
12/15/2014 23:21:16 [VixenModules.Preview.VixenPreview.GDIPreviewForm] VixenPreviewDisplay_Resize: Data is null. abandoning resize. (Thread ID: 9) 
12/15/2014 23:42:37 [VixenModules.Preview.VixenPreview.GDIPreviewForm] VixenPreviewDisplay_Resize: Data is null. abandoning resize. (Thread ID: 9) 
12/15/2014 23:50:02 [VixenModules.Effect.Nutcracker.Nutcracker] numEle 100 != totalPixels 72 
12/16/2014 00:05:01 [VixenModules.Effect.Nutcracker.Nutcracker] numEle 100 != totalPixels 72 
12/16/2014 00:05:57 [VixenModules.Effect.Nutcracker.Nutcracker] numEle 100 != totalPixels 72 
12/16/2014 00:06:14 [VixenModules.Effect.Nutcracker.Nutcracker] numEle 100 != totalPixels 72 
12/16/2014 07:30:45 [VixenModules.Preview.VixenPreview.GDIPreviewForm] VixenPreviewDisplay_Resize: Data is null. abandoning resize. (Thread ID: 9) 
12/16/2014 07:35:31 [VixenModules.Editor.TimedSequenceEditor.TimedSequenceEditorForm] Unsupported audio file \\PearL\Users_Data\Boris\My Documents\Vixen 3\Sequence\test4.tim 
12/16/2014 07:44:47 [VixenModules.Preview.VixenPreview.GDIPreviewForm] VixenPreviewDisplay_Resize: Data is null. abandoning resize. (Thread ID: 9) 
12/16/2014 07:53:33 [VixenModules.Effect.Nutcracker.Nutcracker] numEle 100 != totalPixels 60 
12/16/2014 07:53:38 [VixenModules.Effect.Nutcracker.Nutcracker] numEle 100 != totalPixels 60 
12/16/2014 07:54:37 [VixenModules.Effect.Nutcracker.Nutcracker] numEle 100 != totalPixels 60 
12/16/2014 08:23:12 [VixenModules.Effect.Nutcracker.Nutcracker] numEle 100 != totalPixels 60 
12/16/2014 08:24:02 [VixenModules.Effect.Nutcracker.Nutcracker] numEle 100 != totalPixels 60 
12/16/2014 08:24:06 [VixenModules.Effect.Nutcracker.Nutcracker] numEle 100 != totalPixels 60 
12/16/2014 08:24:17 [VixenModules.Effect.Nutcracker.Nutcracker] numEle 100 != totalPixels 60 
12/16/2014 08:24:23 [VixenModules.Effect.Nutcracker.Nutcracker] numEle 100 != totalPixels 60 
12/16/2014 08:25:19 [VixenModules.Effect.Nutcracker.Nutcracker] numEle 100 != totalPixels 60 
12/16/2014 08:26:28 [VixenModules.Effect.Nutcracker.Nutcracker] numEle 100 != totalPixels 60 
12/16/2014 08:26:45 [VixenModules.Effect.Nutcracker.Nutcracker] numEle 100 != totalPixels 60 
12/16/2014 08:36:17 [VixenModules.Effect.Nutcracker.Nutcracker] numEle 100 != totalPixels 60 
12/16/2014 08:40:24 [VixenModules.Effect.Nutcracker.Nutcracker] numEle 100 != totalPixels 60 
12/16/2014 08:57:48 [VixenModules.Effect.Nutcracker.Nutcracker] numEle 26 != totalPixels 30 
12/16/2014 08:57:50 [VixenModules.Effect.Nutcracker.Nutcracker] numEle 26 != totalPixels 30 
12/16/2014 08:58:33 [VixenModules.Effect.Nutcracker.Nutcracker] numEle 26 != totalPixels 30 
12/16/2014 09:09:49 [VixenModules.Effect.Nutcracker.Nutcracker] numEle 26 != totalPixels 30 
12/16/2014 09:09:51 [VixenModules.Effect.Nutcracker.Nutcracker] numEle 26 != totalPixels 30 
12/16/2014 09:09:54 [VixenModules.Effect.Nutcracker.Nutcracker] numEle 26 != totalPixels 30 
12/16/2014 09:10:45 [VixenModules.Effect.Nutcracker.Nutcracker] numEle 26 != totalPixels 30 
12/16/2014 09:13:58 [VixenModules.Effect.Nutcracker.Nutcracker] numEle 26 != totalPixels 30 
12/16/2014 09:20:51 [VixenModules.Preview.VixenPreview.GDIPreviewForm] VixenPreviewDisplay_Resize: Data is null. abandoning resize. (Thread ID: 9) 
12/16/2014 09:21:01 [VixenModules.Effect.Nutcracker.Nutcracker] numEle 26 != totalPixels 30 
12/16/2014 09:25:38 [VixenModules.Effect.Nutcracker.Nutcracker] numEle 26 != totalPixels 30 
12/16/2014 09:25:44 [VixenModules.Effect.Nutcracker.Nutcracker] numEle 16 != totalPixels 18 
12/16/2014 09:26:30 [VixenModules.Effect.Nutcracker.Nutcracker] numEle 16 != totalPixels 18 
12/16/2014 09:27:01 [VixenModules.Effect.Nutcracker.Nutcracker] numEle 26 != totalPixels 30 
12/16/2014 09:27:10 [VixenModules.Effect.Nutcracker.Nutcracker] numEle 26 != totalPixels 30 
12/16/2014 09:29:07 [VixenModules.Effect.Nutcracker.Nutcracker] numEle 26 != totalPixels 30 
12/16/2014 09:30:42 [VixenModules.Effect.Nutcracker.Nutcracker] numEle 26 != totalPixels 30 
12/16/2014 09:31:32 [VixenModules.Effect.Nutcracker.Nutcracker] numEle 26 != totalPixels 30 
12/16/2014 09:32:01 [VixenModules.Effect.Nutcracker.Nutcracker] numEle 26 != totalPixels 30 
12/16/2014 09:34:08 [VixenModules.Effect.Nutcracker.Nutcracker] numEle 26 != totalPixels 30 
12/16/2014 09:36:25 [VixenModules.Effect.Nutcracker.Nutcracker] numEle 26 != totalPixels 30 
12/16/2014 09:36:55 [VixenModules.Effect.Nutcracker.Nutcracker] numEle 26 != totalPixels 30 
12/16/2014 09:37:28 [VixenModules.Effect.Nutcracker.Nutcracker] numEle 26 != totalPixels 30 
12/16/2014 09:39:45 [VixenModules.Effect.Nutcracker.Nutcracker] numEle 26 != totalPixels 30 
12/16/2014 09:40:32 [VixenModules.Effect.Nutcracker.Nutcracker] numEle 26 != totalPixels 30 
12/16/2014 09:40:47 [VixenModules.Effect.Nutcracker.Nutcracker] numEle 26 != totalPixels 30 
12/16/2014 09:40:55 [VixenModules.Effect.Nutcracker.Nutcracker] numEle 26 != totalPixels 30 
12/16/2014 09:40:58 [VixenModules.Effect.Nutcracker.Nutcracker] numEle 26 != totalPixels 30 
12/16/2014 09:41:01 [VixenModules.Effect.Nutcracker.Nutcracker] numEle 26 != totalPixels 30 
12/16/2014 09:42:34 [VixenModules.Effect.Nutcracker.Nutcracker] numEle 26 != totalPixels 30 
12/16/2014 09:46:45 [VixenModules.Effect.Nutcracker.Nutcracker] numEle 26 != totalPixels 30 
12/16/2014 09:46:45 [VixenModules.Effect.Nutcracker.Nutcracker] numEle 26 != totalPixels 30 
12/16/2014 09:47:52 [VixenModules.Effect.Nutcracker.Nutcracker] numEle 26 != totalPixels 30 
12/16/2014 09:48:51 [VixenModules.Effect.Nutcracker.Nutcracker] numEle 26 != totalPixels 30 
12/16/2014 09:48:54 [VixenModules.Effect.Nutcracker.Nutcracker] numEle 26 != totalPixels 30 
12/16/2014 12:28:22 [VixenModules.Preview.VixenPreview.GDIPreviewForm] VixenPreviewDisplay_Resize: Data is null. abandoning resize. (Thread ID: 9) 
12/16/2014 12:28:30 [VixenModules.Effect.Nutcracker.Nutcracker] numEle 26 != totalPixels 30 
12/16/2014 13:08:10 [VixenModules.Effect.Nutcracker.Nutcracker] numEle 26 != totalPixels 30 
12/16/2014 13:44:43 [VixenModules.Effect.Nutcracker.Nutcracker] numEle 26 != totalPixels 30 
12/16/2014 13:45:02 [VixenModules.Preview.VixenPreview.GDIPreviewForm] VixenPreviewDisplay_Resize: Data is null. abandoning resize. (Thread ID: 9) 
12/16/2014 13:45:08 [VixenModules.Effect.Nutcracker.Nutcracker] numEle 26 != totalPixels 30 
12/16/2014 14:29:41 [VixenModules.Preview.VixenPreview.GDIPreviewForm] VixenPreviewDisplay_Resize: Data is null. abandoning resize. (Thread ID: 9) 
12/16/2014 14:52:52 [VixenModules.Effect.Nutcracker.Nutcracker] numEle 26 != totalPixels 30 
12/16/2014 14:53:41 [VixenModules.Effect.Nutcracker.Nutcracker] numEle 26 != totalPixels 30 
12/16/2014 15:05:54 [VixenModules.Effect.Nutcracker.Nutcracker] numEle 26 != totalPixels 30 
12/16/2014 15:06:17 [VixenModules.Effect.Nutcracker.Nutcracker] numEle 26 != totalPixels 30 
12/16/2014 18:30:51 [VixenModules.Preview.VixenPreview.GDIPreviewForm] VixenPreviewDisplay_Resize: Data is null. abandoning resize. (Thread ID: 8) 
12/16/2014 19:10:55 [VixenModules.Preview.VixenPreview.VixenPreviewSetup3] VixenPreviewSetup3: access of null Data. (Thread ID: 1) 
12/16/2014 19:10:55 [VixenModules.Preview.VixenPreview.VixenPreviewSetup3] VixenPreviewSetup3_Resize: Data is null. abandoning resize. (Thread ID: 1) 
12/16/2014 20:48:59 [VixenModules.Preview.VixenPreview.GDIPreviewForm] VixenPreviewDisplay_Resize: Data is null. abandoning resize. (Thread ID: 9) 
12/16/2014 20:49:13 [VixenModules.Preview.VixenPreview.VixenPreviewSetup3] VixenPreviewSetup3: access of null Data. (Thread ID: 1) 
12/16/2014 20:49:13 [VixenModules.Preview.VixenPreview.VixenPreviewSetup3] VixenPreviewSetup3_Resize: Data is null. abandoning resize. (Thread ID: 1) 
12/16/2014 20:52:30 [VixenModules.Effect.Nutcracker.Nutcracker] numEle 100 != totalPixels 30 
12/16/2014 20:52:34 [VixenModules.Effect.Nutcracker.Nutcracker] numEle 33 != totalPixels 12 
12/16/2014 20:52:39 [VixenModules.Effect.Nutcracker.Nutcracker] numEle 33 != totalPixels 12 
12/16/2014 20:52:43 [VixenModules.Effect.Nutcracker.Nutcracker] numEle 33 != totalPixels 12 
12/16/2014 20:52:51 [VixenModules.Effect.Nutcracker.Nutcracker] numEle 33 != totalPixels 12 
12/16/2014 20:53:10 [VixenModules.Effect.Nutcracker.Nutcracker] numEle 33 != totalPixels 12 
12/16/2014 20:53:18 [VixenModules.Effect.Nutcracker.Nutcracker] numEle 33 != totalPixels 12 
12/16/2014 21:35:48 [VixenModules.Effect.Nutcracker.Nutcracker] numEle 33 != totalPixels 12 
12/16/2014 21:36:53 [VixenModules.Preview.VixenPreview.GDIPreviewForm] VixenPreviewDisplay_Resize: Data is null. abandoning resize. (Thread ID: 9) 
12/16/2014 21:37:06 [VixenModules.Effect.Nutcracker.Nutcracker] numEle 33 != totalPixels 12 
12/16/2014 21:43:04 [VixenModules.Effect.Nutcracker.Nutcracker] numEle 100 != totalPixels 30 
12/16/2014 21:43:13 [VixenModules.Effect.Nutcracker.Nutcracker] numEle 33 != totalPixels 12 
12/16/2014 21:43:42 [VixenModules.Effect.Nutcracker.Nutcracker] numEle 33 != totalPixels 12 
12/16/2014 21:44:03 [VixenModules.Effect.Nutcracker.Nutcracker] numEle 33 != totalPixels 12 
12/16/2014 22:33:00 [VixenModules.Effect.Nutcracker.Nutcracker] numEle 53 != totalPixels 36 
12/16/2014 22:33:55 [VixenModules.Effect.Nutcracker.Nutcracker] numEle 53 != totalPixels 36 
12/16/2014 22:35:36 [VixenModules.Effect.Nutcracker.Nutcracker] numEle 53 != totalPixels 36 
12/16/2014 22:39:02 [VixenModules.Preview.VixenPreview.VixenPreviewSetup3] VixenPreviewSetup3: access of null Data. (Thread ID: 1) 
12/16/2014 22:39:02 [VixenModules.Preview.VixenPreview.VixenPreviewSetup3] VixenPreviewSetup3_Resize: Data is null. abandoning resize. (Thread ID: 1) 
12/16/2014 22:40:33 [VixenModules.Effect.Nutcracker.Nutcracker] numEle 53 != totalPixels 36 
12/18/2014 14:20:08 [VixenModules.Preview.VixenPreview.GDIPreviewForm] VixenPreviewDisplay_Resize: Data is null. abandoning resize. (Thread ID: 8) 
