12/08/2014 19:06:12 [Vixen.Sys.Managers.OutputDeviceExecution`1] Error starting device DMX Open test System.Exception: Failed to open FTDI deviceFT_DEVICE_NOT_FOUND
   at VixenModules.Controller.OpenDMX.FTDI.start()
   at Vixen.Sys.Managers.HardwareUpdateThread.Start()
   at Vixen.Sys.Managers.OutputDeviceExecution`1._StartDevice(T outputDevice)
   at Vixen.Sys.Managers.OutputDeviceExecution`1._Start(T outputDevice)    at VixenModules.Controller.OpenDMX.FTDI.start()
   at Vixen.Sys.Managers.HardwareUpdateThread.Start()
   at Vixen.Sys.Managers.OutputDeviceExecution`1._StartDevice(T outputDevice)
   at Vixen.Sys.Managers.OutputDeviceExecution`1._Start(T outputDevice)
12/08/2014 20:15:12 [Vixen.Sys.Managers.OutputDeviceExecution`1] Error starting device DMX Open test System.Exception: Failed to open FTDI deviceFT_DEVICE_NOT_FOUND
   at VixenModules.Controller.OpenDMX.FTDI.start()
   at Vixen.Sys.Managers.HardwareUpdateThread.Start()
   at Vixen.Sys.Managers.OutputDeviceExecution`1._StartDevice(T outputDevice)
   at Vixen.Sys.Managers.OutputDeviceExecution`1._Start(T outputDevice)    at VixenModules.Controller.OpenDMX.FTDI.start()
   at Vixen.Sys.Managers.HardwareUpdateThread.Start()
   at Vixen.Sys.Managers.OutputDeviceExecution`1._StartDevice(T outputDevice)
   at Vixen.Sys.Managers.OutputDeviceExecution`1._Start(T outputDevice)
12/08/2014 20:15:27 [Vixen.Sys.Managers.OutputDeviceExecution`1] Error trying to stop device DMX Open test System.TimeoutException: Controller DMX Open test failed to stop in the required amount of time.
   at Vixen.Sys.Managers.HardwareUpdateThread.WaitForFinish()
   at Vixen.Sys.Managers.OutputDeviceExecution`1._StopDevice(T outputDevice)
   at Vixen.Sys.Managers.OutputDeviceExecution`1._Stop(T outputDevice)    at Vixen.Sys.Managers.HardwareUpdateThread.WaitForFinish()
   at Vixen.Sys.Managers.OutputDeviceExecution`1._StopDevice(T outputDevice)
   at Vixen.Sys.Managers.OutputDeviceExecution`1._Stop(T outputDevice)
12/08/2014 20:15:27 [Vixen.Sys.Managers.OutputDeviceExecution`1] Error starting device DMX Open test System.Exception: Failed to open FTDI deviceFT_DEVICE_NOT_FOUND
   at VixenModules.Controller.OpenDMX.FTDI.start()
   at Vixen.Sys.Managers.HardwareUpdateThread.Start()
   at Vixen.Sys.Managers.OutputDeviceExecution`1._StartDevice(T outputDevice)
   at Vixen.Sys.Managers.OutputDeviceExecution`1._Start(T outputDevice)    at VixenModules.Controller.OpenDMX.FTDI.start()
   at Vixen.Sys.Managers.HardwareUpdateThread.Start()
   at Vixen.Sys.Managers.OutputDeviceExecution`1._StartDevice(T outputDevice)
   at Vixen.Sys.Managers.OutputDeviceExecution`1._Start(T outputDevice)
12/08/2014 20:42:59 [Vixen.Sys.Managers.OutputDeviceExecution`1] Error trying to stop device DMX Open test System.TimeoutException: Controller DMX Open test failed to stop in the required amount of time.
   at Vixen.Sys.Managers.HardwareUpdateThread.WaitForFinish()
   at Vixen.Sys.Managers.OutputDeviceExecution`1._StopDevice(T outputDevice)
   at Vixen.Sys.Managers.OutputDeviceExecution`1._Stop(T outputDevice)    at Vixen.Sys.Managers.HardwareUpdateThread.WaitForFinish()
   at Vixen.Sys.Managers.OutputDeviceExecution`1._StopDevice(T outputDevice)
   at Vixen.Sys.Managers.OutputDeviceExecution`1._Stop(T outputDevice)
12/10/2014 02:41:42 [Common.Controls.Timeline.Grid] Error in rendering. System.NullReferenceException: Object reference not set to an instance of an object.
   at VixenModules.Effect.CustomValue.CustomValueModule._PreRender(CancellationTokenSource tokenSource)
   at Vixen.Module.Effect.EffectModuleInstanceBase.Render()
   at Common.Controls.Timeline.Element.RenderElement()
   at Common.Controls.Timeline.Grid.<>c__DisplayClass1e.<renderWorker_DoWork>b__1c(Element element)    at VixenModules.Effect.CustomValue.CustomValueModule._PreRender(CancellationTokenSource tokenSource)
   at Vixen.Module.Effect.EffectModuleInstanceBase.Render()
   at Common.Controls.Timeline.Element.RenderElement()
   at Common.Controls.Timeline.Grid.<>c__DisplayClass1e.<renderWorker_DoWork>b__1c(Element element)
12/10/2014 02:43:35 [Common.Controls.Timeline.Grid] Grid: background rendering didn't finish. Forcibly killing. 
12/10/2014 02:43:40 [Common.Controls.Timeline.Grid] Grid: background rendering didn't finish. Forcibly killing. 
12/10/2014 02:43:46 [Common.Controls.Timeline.Grid] Grid: background rendering didn't finish. Forcibly killing. 
12/10/2014 02:43:50 [Vixen.Sys.Managers.OutputDeviceExecution`1] Error trying to stop device DMX Open test System.TimeoutException: Controller DMX Open test failed to stop in the required amount of time.
   at Vixen.Sys.Managers.HardwareUpdateThread.WaitForFinish()
   at Vixen.Sys.Managers.OutputDeviceExecution`1._StopDevice(T outputDevice)
   at Vixen.Sys.Managers.OutputDeviceExecution`1._Stop(T outputDevice)    at Vixen.Sys.Managers.HardwareUpdateThread.WaitForFinish()
   at Vixen.Sys.Managers.OutputDeviceExecution`1._StopDevice(T outputDevice)
   at Vixen.Sys.Managers.OutputDeviceExecution`1._Stop(T outputDevice)
12/10/2014 02:43:54 [Vixen.Sys.Managers.OutputDeviceExecution`1] Error trying to stop device Vixen Display Preview System.TimeoutException: Controller Vixen Display Preview failed to stop in the required amount of time.
   at Vixen.Sys.Managers.HardwareUpdateThread.WaitForFinish()
   at Vixen.Sys.Managers.OutputDeviceExecution`1._StopDevice(T outputDevice)
   at Vixen.Sys.Managers.OutputDeviceExecution`1._Stop(T outputDevice)    at Vixen.Sys.Managers.HardwareUpdateThread.WaitForFinish()
   at Vixen.Sys.Managers.OutputDeviceExecution`1._StopDevice(T outputDevice)
   at Vixen.Sys.Managers.OutputDeviceExecution`1._Stop(T outputDevice)
12/12/2014 19:05:00 [Vixen.Sys.Managers.OutputDeviceExecution`1] Error starting device DMX Open test System.Exception: Failed to open FTDI deviceFT_DEVICE_NOT_FOUND
   at VixenModules.Controller.OpenDMX.FTDI.start()
   at Vixen.Sys.Managers.HardwareUpdateThread.Start()
   at Vixen.Sys.Managers.OutputDeviceExecution`1._StartDevice(T outputDevice)
   at Vixen.Sys.Managers.OutputDeviceExecution`1._Start(T outputDevice)    at VixenModules.Controller.OpenDMX.FTDI.start()
   at Vixen.Sys.Managers.HardwareUpdateThread.Start()
   at Vixen.Sys.Managers.OutputDeviceExecution`1._StartDevice(T outputDevice)
   at Vixen.Sys.Managers.OutputDeviceExecution`1._Start(T outputDevice)
12/12/2014 19:05:25 [Vixen.Sys.Managers.OutputDeviceExecution`1] Error trying to stop device DMX Open test System.TimeoutException: Controller DMX Open test failed to stop in the required amount of time.
   at Vixen.Sys.Managers.HardwareUpdateThread.WaitForFinish()
   at Vixen.Sys.Managers.OutputDeviceExecution`1._StopDevice(T outputDevice)
   at Vixen.Sys.Managers.OutputDeviceExecution`1._Stop(T outputDevice)    at Vixen.Sys.Managers.HardwareUpdateThread.WaitForFinish()
   at Vixen.Sys.Managers.OutputDeviceExecution`1._StopDevice(T outputDevice)
   at Vixen.Sys.Managers.OutputDeviceExecution`1._Stop(T outputDevice)
12/12/2014 19:05:51 [Vixen.Sys.Managers.OutputDeviceExecution`1] Error starting device DMX Open test System.Exception: Failed to open FTDI deviceFT_DEVICE_NOT_FOUND
   at VixenModules.Controller.OpenDMX.FTDI.start()
   at Vixen.Sys.Managers.HardwareUpdateThread.Start()
   at Vixen.Sys.Managers.OutputDeviceExecution`1._StartDevice(T outputDevice)
   at Vixen.Sys.Managers.OutputDeviceExecution`1._Start(T outputDevice)    at VixenModules.Controller.OpenDMX.FTDI.start()
   at Vixen.Sys.Managers.HardwareUpdateThread.Start()
   at Vixen.Sys.Managers.OutputDeviceExecution`1._StartDevice(T outputDevice)
   at Vixen.Sys.Managers.OutputDeviceExecution`1._Start(T outputDevice)
12/12/2014 19:07:06 [Vixen.Sys.Managers.OutputDeviceExecution`1] Error trying to stop device DMX Open test System.TimeoutException: Controller DMX Open test failed to stop in the required amount of time.
   at Vixen.Sys.Managers.HardwareUpdateThread.WaitForFinish()
   at Vixen.Sys.Managers.OutputDeviceExecution`1._StopDevice(T outputDevice)
   at Vixen.Sys.Managers.OutputDeviceExecution`1._Stop(T outputDevice)    at Vixen.Sys.Managers.HardwareUpdateThread.WaitForFinish()
   at Vixen.Sys.Managers.OutputDeviceExecution`1._StopDevice(T outputDevice)
   at Vixen.Sys.Managers.OutputDeviceExecution`1._Stop(T outputDevice)
12/12/2014 19:10:45 [Vixen.Sys.Managers.OutputDeviceExecution`1] Error starting device DMX Open test System.Exception: Failed to open FTDI deviceFT_DEVICE_NOT_FOUND
   at VixenModules.Controller.OpenDMX.FTDI.start()
   at Vixen.Sys.Managers.HardwareUpdateThread.Start()
   at Vixen.Sys.Managers.OutputDeviceExecution`1._StartDevice(T outputDevice)
   at Vixen.Sys.Managers.OutputDeviceExecution`1._Start(T outputDevice)    at VixenModules.Controller.OpenDMX.FTDI.start()
   at Vixen.Sys.Managers.HardwareUpdateThread.Start()
   at Vixen.Sys.Managers.OutputDeviceExecution`1._StartDevice(T outputDevice)
   at Vixen.Sys.Managers.OutputDeviceExecution`1._Start(T outputDevice)
12/12/2014 19:11:35 [Vixen.Sys.Managers.OutputDeviceExecution`1] Error trying to stop device DMX Open test System.TimeoutException: Controller DMX Open test failed to stop in the required amount of time.
   at Vixen.Sys.Managers.HardwareUpdateThread.WaitForFinish()
   at Vixen.Sys.Managers.OutputDeviceExecution`1._StopDevice(T outputDevice)
   at Vixen.Sys.Managers.OutputDeviceExecution`1._Stop(T outputDevice)    at Vixen.Sys.Managers.HardwareUpdateThread.WaitForFinish()
   at Vixen.Sys.Managers.OutputDeviceExecution`1._StopDevice(T outputDevice)
   at Vixen.Sys.Managers.OutputDeviceExecution`1._Stop(T outputDevice)
12/12/2014 19:11:35 [Vixen.Sys.Managers.OutputDeviceExecution`1] Error starting device DMX Open test System.Exception: Failed to open FTDI deviceFT_DEVICE_NOT_FOUND
   at VixenModules.Controller.OpenDMX.FTDI.start()
   at Vixen.Sys.Managers.HardwareUpdateThread.Start()
   at Vixen.Sys.Managers.OutputDeviceExecution`1._StartDevice(T outputDevice)
   at Vixen.Sys.Managers.OutputDeviceExecution`1._Start(T outputDevice)    at VixenModules.Controller.OpenDMX.FTDI.start()
   at Vixen.Sys.Managers.HardwareUpdateThread.Start()
   at Vixen.Sys.Managers.OutputDeviceExecution`1._StartDevice(T outputDevice)
   at Vixen.Sys.Managers.OutputDeviceExecution`1._Start(T outputDevice)
12/12/2014 19:12:06 [Vixen.Sys.Managers.OutputDeviceExecution`1] Error trying to stop device DMX Open test System.TimeoutException: Controller DMX Open test failed to stop in the required amount of time.
   at Vixen.Sys.Managers.HardwareUpdateThread.WaitForFinish()
   at Vixen.Sys.Managers.OutputDeviceExecution`1._StopDevice(T outputDevice)
   at Vixen.Sys.Managers.OutputDeviceExecution`1._Stop(T outputDevice)    at Vixen.Sys.Managers.HardwareUpdateThread.WaitForFinish()
   at Vixen.Sys.Managers.OutputDeviceExecution`1._StopDevice(T outputDevice)
   at Vixen.Sys.Managers.OutputDeviceExecution`1._Stop(T outputDevice)
12/13/2014 21:29:21 [Vixen.Sys.Managers.OutputDeviceExecution`1] Error starting device DMX Open test System.Exception: Failed to open FTDI deviceFT_DEVICE_NOT_OPENED
   at VixenModules.Controller.OpenDMX.FTDI.start()
   at Vixen.Sys.Managers.HardwareUpdateThread.Start()
   at Vixen.Sys.Managers.OutputDeviceExecution`1._StartDevice(T outputDevice)
   at Vixen.Sys.Managers.OutputDeviceExecution`1._Start(T outputDevice)    at VixenModules.Controller.OpenDMX.FTDI.start()
   at Vixen.Sys.Managers.HardwareUpdateThread.Start()
   at Vixen.Sys.Managers.OutputDeviceExecution`1._StartDevice(T outputDevice)
   at Vixen.Sys.Managers.OutputDeviceExecution`1._Start(T outputDevice)
12/13/2014 21:29:41 [Vixen.Sys.Managers.OutputDeviceExecution`1] Error trying to stop device DMX Open test System.TimeoutException: Controller DMX Open test failed to stop in the required amount of time.
   at Vixen.Sys.Managers.HardwareUpdateThread.WaitForFinish()
   at Vixen.Sys.Managers.OutputDeviceExecution`1._StopDevice(T outputDevice)
   at Vixen.Sys.Managers.OutputDeviceExecution`1._Stop(T outputDevice)    at Vixen.Sys.Managers.HardwareUpdateThread.WaitForFinish()
   at Vixen.Sys.Managers.OutputDeviceExecution`1._StopDevice(T outputDevice)
   at Vixen.Sys.Managers.OutputDeviceExecution`1._Stop(T outputDevice)
12/13/2014 21:48:30 [Vixen.Sys.Managers.OutputDeviceExecution`1] Error starting device DMX Open test System.Exception: Failed to open FTDI deviceFT_DEVICE_NOT_FOUND
   at VixenModules.Controller.OpenDMX.FTDI.start()
   at Vixen.Sys.Managers.HardwareUpdateThread.Start()
   at Vixen.Sys.Managers.OutputDeviceExecution`1._StartDevice(T outputDevice)
   at Vixen.Sys.Managers.OutputDeviceExecution`1._Start(T outputDevice)    at VixenModules.Controller.OpenDMX.FTDI.start()
   at Vixen.Sys.Managers.HardwareUpdateThread.Start()
   at Vixen.Sys.Managers.OutputDeviceExecution`1._StartDevice(T outputDevice)
   at Vixen.Sys.Managers.OutputDeviceExecution`1._Start(T outputDevice)
12/13/2014 21:49:07 [Vixen.Sys.Managers.OutputDeviceExecution`1] Error trying to stop device DMX Open test System.TimeoutException: Controller DMX Open test failed to stop in the required amount of time.
   at Vixen.Sys.Managers.HardwareUpdateThread.WaitForFinish()
   at Vixen.Sys.Managers.OutputDeviceExecution`1._StopDevice(T outputDevice)
   at Vixen.Sys.Managers.OutputDeviceExecution`1._Stop(T outputDevice)    at Vixen.Sys.Managers.HardwareUpdateThread.WaitForFinish()
   at Vixen.Sys.Managers.OutputDeviceExecution`1._StopDevice(T outputDevice)
   at Vixen.Sys.Managers.OutputDeviceExecution`1._Stop(T outputDevice)
12/15/2014 20:55:55 [Vixen.Sys.Managers.OutputDeviceExecution`1] Error starting device DMX Open test System.Exception: Failed to open FTDI deviceFT_DEVICE_NOT_FOUND
   at VixenModules.Controller.OpenDMX.FTDI.start()
   at Vixen.Sys.Managers.HardwareUpdateThread.Start()
   at Vixen.Sys.Managers.OutputDeviceExecution`1._StartDevice(T outputDevice)
   at Vixen.Sys.Managers.OutputDeviceExecution`1._Start(T outputDevice)    at VixenModules.Controller.OpenDMX.FTDI.start()
   at Vixen.Sys.Managers.HardwareUpdateThread.Start()
   at Vixen.Sys.Managers.OutputDeviceExecution`1._StartDevice(T outputDevice)
   at Vixen.Sys.Managers.OutputDeviceExecution`1._Start(T outputDevice)
12/15/2014 20:56:16 [Vixen.Sys.Managers.OutputDeviceExecution`1] Error trying to stop device DMX Open test System.TimeoutException: Controller DMX Open test failed to stop in the required amount of time.
   at Vixen.Sys.Managers.HardwareUpdateThread.WaitForFinish()
   at Vixen.Sys.Managers.OutputDeviceExecution`1._StopDevice(T outputDevice)
   at Vixen.Sys.Managers.OutputDeviceExecution`1._Stop(T outputDevice)    at Vixen.Sys.Managers.HardwareUpdateThread.WaitForFinish()
   at Vixen.Sys.Managers.OutputDeviceExecution`1._StopDevice(T outputDevice)
   at Vixen.Sys.Managers.OutputDeviceExecution`1._Stop(T outputDevice)
12/15/2014 23:13:59 [Common.Controls.Timeline.Grid] Error in rendering. System.NullReferenceException: Object reference not set to an instance of an object.
   at Vixen.Sys.EffectIntents.Add(EffectIntents other)
   at VixenModules.Effect.Twinkle.Twinkle._PreRender(CancellationTokenSource tokenSource)
   at Vixen.Module.Effect.EffectModuleInstanceBase.Render()
   at Common.Controls.Timeline.Element.RenderElement()
   at Common.Controls.Timeline.Grid.<>c__DisplayClass1e.<renderWorker_DoWork>b__1c(Element element)    at Vixen.Sys.EffectIntents.Add(EffectIntents other)
   at VixenModules.Effect.Twinkle.Twinkle._PreRender(CancellationTokenSource tokenSource)
   at Vixen.Module.Effect.EffectModuleInstanceBase.Render()
   at Common.Controls.Timeline.Element.RenderElement()
   at Common.Controls.Timeline.Grid.<>c__DisplayClass1e.<renderWorker_DoWork>b__1c(Element element)
12/15/2014 23:17:02 [Common.Controls.Timeline.Grid] Grid: background rendering didn't finish. Forcibly killing. 
12/15/2014 23:17:07 [Common.Controls.Timeline.Grid] Grid: background rendering didn't finish. Forcibly killing. 
12/15/2014 23:17:12 [Common.Controls.Timeline.Grid] Grid: background rendering didn't finish. Forcibly killing. 
12/15/2014 23:17:16 [Vixen.Sys.Managers.OutputDeviceExecution`1] Error trying to stop device DMX Open test System.TimeoutException: Controller DMX Open test failed to stop in the required amount of time.
   at Vixen.Sys.Managers.HardwareUpdateThread.WaitForFinish()
   at Vixen.Sys.Managers.OutputDeviceExecution`1._StopDevice(T outputDevice)
   at Vixen.Sys.Managers.OutputDeviceExecution`1._Stop(T outputDevice)    at Vixen.Sys.Managers.HardwareUpdateThread.WaitForFinish()
   at Vixen.Sys.Managers.OutputDeviceExecution`1._StopDevice(T outputDevice)
   at Vixen.Sys.Managers.OutputDeviceExecution`1._Stop(T outputDevice)
12/15/2014 23:17:20 [Vixen.Sys.Managers.OutputDeviceExecution`1] Error trying to stop device Vixen Display Preview System.TimeoutException: Controller Vixen Display Preview failed to stop in the required amount of time.
   at Vixen.Sys.Managers.HardwareUpdateThread.WaitForFinish()
   at Vixen.Sys.Managers.OutputDeviceExecution`1._StopDevice(T outputDevice)
   at Vixen.Sys.Managers.OutputDeviceExecution`1._Stop(T outputDevice)    at Vixen.Sys.Managers.HardwareUpdateThread.WaitForFinish()
   at Vixen.Sys.Managers.OutputDeviceExecution`1._StopDevice(T outputDevice)
   at Vixen.Sys.Managers.OutputDeviceExecution`1._Stop(T outputDevice)
12/15/2014 23:20:30 [Common.Controls.Timeline.Grid] Error in rendering. System.InvalidOperationException: Sequence contains no elements
   at System.Linq.Enumerable.Max(IEnumerable`1 source)
   at VixenModules.Effect.Wipe.WipeModule.RenderBurst(CancellationTokenSource tokenSource, WipeDirection direction)
   at Vixen.Module.Effect.EffectModuleInstanceBase.Render()
   at Common.Controls.Timeline.Element.RenderElement()
   at Common.Controls.Timeline.Grid.<>c__DisplayClass1e.<renderWorker_DoWork>b__1c(Element element)    at System.Linq.Enumerable.Max(IEnumerable`1 source)
   at VixenModules.Effect.Wipe.WipeModule.RenderBurst(CancellationTokenSource tokenSource, WipeDirection direction)
   at Vixen.Module.Effect.EffectModuleInstanceBase.Render()
   at Common.Controls.Timeline.Element.RenderElement()
   at Common.Controls.Timeline.Grid.<>c__DisplayClass1e.<renderWorker_DoWork>b__1c(Element element)
12/15/2014 23:20:48 [Common.Controls.Timeline.Grid] Grid: background rendering didn't finish. Forcibly killing. 
12/15/2014 23:20:53 [Common.Controls.Timeline.Grid] Grid: background rendering didn't finish. Forcibly killing. 
12/15/2014 23:21:21 [Common.Controls.Timeline.Grid] Error in rendering. System.InvalidOperationException: Sequence contains no elements
   at System.Linq.Enumerable.Max(IEnumerable`1 source)
   at VixenModules.Effect.Wipe.WipeModule.RenderBurst(CancellationTokenSource tokenSource, WipeDirection direction)
   at Vixen.Module.Effect.EffectModuleInstanceBase.Render()
   at Common.Controls.Timeline.Element.RenderElement()
   at Common.Controls.Timeline.Grid.<>c__DisplayClass1e.<renderWorker_DoWork>b__1c(Element element)    at System.Linq.Enumerable.Max(IEnumerable`1 source)
   at VixenModules.Effect.Wipe.WipeModule.RenderBurst(CancellationTokenSource tokenSource, WipeDirection direction)
   at Vixen.Module.Effect.EffectModuleInstanceBase.Render()
   at Common.Controls.Timeline.Element.RenderElement()
   at Common.Controls.Timeline.Grid.<>c__DisplayClass1e.<renderWorker_DoWork>b__1c(Element element)
12/15/2014 23:22:34 [Common.Controls.Timeline.Grid] Grid: background rendering didn't finish. Forcibly killing. 
12/15/2014 23:22:38 [Vixen.Sys.Managers.OutputDeviceExecution`1] Error trying to stop device DMX Open test System.TimeoutException: Controller DMX Open test failed to stop in the required amount of time.
   at Vixen.Sys.Managers.HardwareUpdateThread.WaitForFinish()
   at Vixen.Sys.Managers.OutputDeviceExecution`1._StopDevice(T outputDevice)
   at Vixen.Sys.Managers.OutputDeviceExecution`1._Stop(T outputDevice)    at Vixen.Sys.Managers.HardwareUpdateThread.WaitForFinish()
   at Vixen.Sys.Managers.OutputDeviceExecution`1._StopDevice(T outputDevice)
   at Vixen.Sys.Managers.OutputDeviceExecution`1._Stop(T outputDevice)
12/15/2014 23:22:42 [Vixen.Sys.Managers.OutputDeviceExecution`1] Error trying to stop device Vixen Display Preview System.TimeoutException: Controller Vixen Display Preview failed to stop in the required amount of time.
   at Vixen.Sys.Managers.HardwareUpdateThread.WaitForFinish()
   at Vixen.Sys.Managers.OutputDeviceExecution`1._StopDevice(T outputDevice)
   at Vixen.Sys.Managers.OutputDeviceExecution`1._Stop(T outputDevice)    at Vixen.Sys.Managers.HardwareUpdateThread.WaitForFinish()
   at Vixen.Sys.Managers.OutputDeviceExecution`1._StopDevice(T outputDevice)
   at Vixen.Sys.Managers.OutputDeviceExecution`1._Stop(T outputDevice)
12/15/2014 23:42:44 [Common.Controls.Timeline.Grid] Error in rendering. System.InvalidOperationException: Sequence contains no elements
   at System.Linq.Enumerable.Max(IEnumerable`1 source)
   at VixenModules.Effect.Wipe.WipeModule.RenderBurst(CancellationTokenSource tokenSource, WipeDirection direction)
   at Vixen.Module.Effect.EffectModuleInstanceBase.Render()
   at Common.Controls.Timeline.Element.RenderElement()
   at Common.Controls.Timeline.Grid.<>c__DisplayClass1e.<renderWorker_DoWork>b__1c(Element element)    at System.Linq.Enumerable.Max(IEnumerable`1 source)
   at VixenModules.Effect.Wipe.WipeModule.RenderBurst(CancellationTokenSource tokenSource, WipeDirection direction)
   at Vixen.Module.Effect.EffectModuleInstanceBase.Render()
   at Common.Controls.Timeline.Element.RenderElement()
   at Common.Controls.Timeline.Grid.<>c__DisplayClass1e.<renderWorker_DoWork>b__1c(Element element)
12/16/2014 09:13:58 [Common.Controls.Timeline.Grid] Error in rendering. System.IndexOutOfRangeException: Index was outside the bounds of the array.
   at VixenModules.Effect.Nutcracker.Nutcracker.RenderNode(ElementNode node)
   at VixenModules.Effect.Nutcracker.Nutcracker._PreRender(CancellationTokenSource tokenSource)
   at Vixen.Module.Effect.EffectModuleInstanceBase.Render()
   at Common.Controls.Timeline.Element.RenderElement()
   at Common.Controls.Timeline.Grid.<>c__DisplayClass1e.<renderWorker_DoWork>b__1c(Element element)    at VixenModules.Effect.Nutcracker.Nutcracker.RenderNode(ElementNode node)
   at VixenModules.Effect.Nutcracker.Nutcracker._PreRender(CancellationTokenSource tokenSource)
   at Vixen.Module.Effect.EffectModuleInstanceBase.Render()
   at Common.Controls.Timeline.Element.RenderElement()
   at Common.Controls.Timeline.Grid.<>c__DisplayClass1e.<renderWorker_DoWork>b__1c(Element element)
12/16/2014 09:15:04 [Common.Controls.Timeline.Grid] Grid: background rendering didn't finish. Forcibly killing. 
12/16/2014 09:15:09 [Common.Controls.Timeline.Grid] Grid: background rendering didn't finish. Forcibly killing. 
12/16/2014 18:30:51 [Vixen.Sys.Managers.OutputDeviceExecution`1] Error starting device DMX Open test System.Exception: Failed to open FTDI deviceFT_DEVICE_NOT_FOUND
   at VixenModules.Controller.OpenDMX.FTDI.start()
   at Vixen.Sys.Managers.HardwareUpdateThread.Start()
   at Vixen.Sys.Managers.OutputDeviceExecution`1._StartDevice(T outputDevice)
   at Vixen.Sys.Managers.OutputDeviceExecution`1._Start(T outputDevice)    at VixenModules.Controller.OpenDMX.FTDI.start()
   at Vixen.Sys.Managers.HardwareUpdateThread.Start()
   at Vixen.Sys.Managers.OutputDeviceExecution`1._StartDevice(T outputDevice)
   at Vixen.Sys.Managers.OutputDeviceExecution`1._Start(T outputDevice)
12/16/2014 19:21:45 [Vixen.Sys.Managers.OutputDeviceExecution`1] Error trying to stop device DMX Open test System.TimeoutException: Controller DMX Open test failed to stop in the required amount of time.
   at Vixen.Sys.Managers.HardwareUpdateThread.WaitForFinish()
   at Vixen.Sys.Managers.OutputDeviceExecution`1._StopDevice(T outputDevice)
   at Vixen.Sys.Managers.OutputDeviceExecution`1._Stop(T outputDevice)    at Vixen.Sys.Managers.HardwareUpdateThread.WaitForFinish()
   at Vixen.Sys.Managers.OutputDeviceExecution`1._StopDevice(T outputDevice)
   at Vixen.Sys.Managers.OutputDeviceExecution`1._Stop(T outputDevice)
12/18/2014 14:20:08 [Vixen.Sys.Managers.OutputDeviceExecution`1] Error starting device DMX Open test System.Exception: Failed to open FTDI deviceFT_DEVICE_NOT_FOUND
   at VixenModules.Controller.OpenDMX.FTDI.start()
   at Vixen.Sys.Managers.HardwareUpdateThread.Start()
   at Vixen.Sys.Managers.OutputDeviceExecution`1._StartDevice(T outputDevice)
   at Vixen.Sys.Managers.OutputDeviceExecution`1._Start(T outputDevice)    at VixenModules.Controller.OpenDMX.FTDI.start()
   at Vixen.Sys.Managers.HardwareUpdateThread.Start()
   at Vixen.Sys.Managers.OutputDeviceExecution`1._StartDevice(T outputDevice)
   at Vixen.Sys.Managers.OutputDeviceExecution`1._Start(T outputDevice)
12/18/2014 14:21:58 [Vixen.Sys.Managers.OutputDeviceExecution`1] Error trying to stop device DMX Open test System.TimeoutException: Controller DMX Open test failed to stop in the required amount of time.
   at Vixen.Sys.Managers.HardwareUpdateThread.WaitForFinish()
   at Vixen.Sys.Managers.OutputDeviceExecution`1._StopDevice(T outputDevice)
   at Vixen.Sys.Managers.OutputDeviceExecution`1._Stop(T outputDevice)    at Vixen.Sys.Managers.HardwareUpdateThread.WaitForFinish()
   at Vixen.Sys.Managers.OutputDeviceExecution`1._StopDevice(T outputDevice)
   at Vixen.Sys.Managers.OutputDeviceExecution`1._Stop(T outputDevice)
