12/08/2014 20:15:00 [VixenApplication.Program] An application error occurred. Please contact the Vixen Dev Team with the following information:

 System.ArgumentException: Parameter is not valid.
   at System.Drawing.Bitmap..ctor(Int32 width, Int32 height, PixelFormat format)
   at VixenModules.Preview.VixenPreview.GDIControl.CreateAlphaBackground()
   at VixenModules.Preview.VixenPreview.GDIPreviewForm.Reload()
   at VixenModules.Preview.VixenPreview.GDIPreviewForm.Setup()
   at VixenModules.Preview.VixenPreview.VixenPreviewModuleInstance.Setup()
   at VixenApplication.ConfigPreviews.buttonConfigureController_Click(Object sender, EventArgs e)
   at System.Windows.Forms.Button.OnMouseUp(MouseEventArgs mevent)
   at System.Windows.Forms.Control.WmMouseUp(Message& m, MouseButtons button, Int32 clicks)
   at System.Windows.Forms.Control.WndProc(Message& m)
   at System.Windows.Forms.ButtonBase.WndProc(Message& m)
   at System.Windows.Forms.Button.WndProc(Message& m)
   at System.Windows.Forms.NativeWindow.Callback(IntPtr hWnd, Int32 msg, IntPtr wparam, IntPtr lparam)    at System.Drawing.Bitmap..ctor(Int32 width, Int32 height, PixelFormat format)
   at VixenModules.Preview.VixenPreview.GDIControl.CreateAlphaBackground()
   at VixenModules.Preview.VixenPreview.GDIPreviewForm.Reload()
   at VixenModules.Preview.VixenPreview.GDIPreviewForm.Setup()
   at VixenModules.Preview.VixenPreview.VixenPreviewModuleInstance.Setup()
   at VixenApplication.ConfigPreviews.buttonConfigureController_Click(Object sender, EventArgs e)
   at System.Windows.Forms.Button.OnMouseUp(MouseEventArgs mevent)
   at System.Windows.Forms.Control.WmMouseUp(Message& m, MouseButtons button, Int32 clicks)
   at System.Windows.Forms.Control.WndProc(Message& m)
   at System.Windows.Forms.ButtonBase.WndProc(Message& m)
   at System.Windows.Forms.Button.WndProc(Message& m)
   at System.Windows.Forms.NativeWindow.Callback(IntPtr hWnd, Int32 msg, IntPtr wparam, IntPtr lparam)
12/15/2014 21:39:07 [VixenApplication.Program] An application error occurred. Please contact the Vixen Dev Team with the following information:

 System.DivideByZeroException: Time per pixel is zero!
   at Common.Controls.Timeline.TimelineControlBase.timeToPixels(TimeSpan t)
   at Common.Controls.Timeline.Grid.ResizeGridHorizontally()
   at Common.Controls.Timeline.Grid.OnTimePerPixelChanged(Object sender, EventArgs e)
   at System.EventHandler.Invoke(Object sender, EventArgs e)
   at Common.Controls.Timeline.TimeInfo.set_TimePerPixel(TimeSpan value)
   at Common.Controls.Timeline.TimelineControl.Zoom(Double scale)
   at VixenModules.Editor.TimedSequenceEditor.TimedSequenceEditorForm.OnKeyDown(KeyEventArgs e)
   at System.Windows.Forms.Control.ProcessKeyEventArgs(Message& m)
   at System.Windows.Forms.Form.ProcessKeyPreview(Message& m)
   at System.Windows.Forms.Control.ProcessKeyMessage(Message& m)
   at System.Windows.Forms.Control.WmKeyChar(Message& m)
   at System.Windows.Forms.Control.WndProc(Message& m)
   at Common.Controls.Timeline.TimelineControlBase.WndProc(Message& m)
   at System.Windows.Forms.NativeWindow.Callback(IntPtr hWnd, Int32 msg, IntPtr wparam, IntPtr lparam)    at Common.Controls.Timeline.TimelineControlBase.timeToPixels(TimeSpan t)
   at Common.Controls.Timeline.Grid.ResizeGridHorizontally()
   at Common.Controls.Timeline.Grid.OnTimePerPixelChanged(Object sender, EventArgs e)
   at System.EventHandler.Invoke(Object sender, EventArgs e)
   at Common.Controls.Timeline.TimeInfo.set_TimePerPixel(TimeSpan value)
   at Common.Controls.Timeline.TimelineControl.Zoom(Double scale)
   at VixenModules.Editor.TimedSequenceEditor.TimedSequenceEditorForm.OnKeyDown(KeyEventArgs e)
   at System.Windows.Forms.Control.ProcessKeyEventArgs(Message& m)
   at System.Windows.Forms.Form.ProcessKeyPreview(Message& m)
   at System.Windows.Forms.Control.ProcessKeyMessage(Message& m)
   at System.Windows.Forms.Control.WmKeyChar(Message& m)
   at System.Windows.Forms.Control.WndProc(Message& m)
   at Common.Controls.Timeline.TimelineControlBase.WndProc(Message& m)
   at System.Windows.Forms.NativeWindow.Callback(IntPtr hWnd, Int32 msg, IntPtr wparam, IntPtr lparam)
12/16/2014 07:44:06 [VixenApplication.Program] An application error occurred. Please contact the Vixen Dev Team with the following information:

 System.DivideByZeroException: Attempted to divide by zero.
   at VixenModules.Effect.Nutcracker.NutcrackerEffects.RenderTree(Int32 Branches)
   at VixenModules.Effect.Nutcracker.NutcrackerEffects.RenderEffect(Effects effect)
   at VixenModules.EffectEditor.NutcrackerEffectEditor.NutcrackerTypeEditorControl.timerRender_Tick(Object sender, EventArgs e)
   at System.Windows.Forms.Timer.TimerNativeWindow.WndProc(Message& m)
   at System.Windows.Forms.NativeWindow.Callback(IntPtr hWnd, Int32 msg, IntPtr wparam, IntPtr lparam)    at VixenModules.Effect.Nutcracker.NutcrackerEffects.RenderTree(Int32 Branches)
   at VixenModules.Effect.Nutcracker.NutcrackerEffects.RenderEffect(Effects effect)
   at VixenModules.EffectEditor.NutcrackerEffectEditor.NutcrackerTypeEditorControl.timerRender_Tick(Object sender, EventArgs e)
   at System.Windows.Forms.Timer.TimerNativeWindow.WndProc(Message& m)
   at System.Windows.Forms.NativeWindow.Callback(IntPtr hWnd, Int32 msg, IntPtr wparam, IntPtr lparam)
12/16/2014 14:23:40 [VixenApplication.Program] An application error occurred. Please contact the Vixen Dev Team with the following information:

 System.NullReferenceException: Object reference not set to an instance of an object.
   at System.Windows.Forms.ListView.InsertItems(Int32 displayIndex, ListViewItem[] items, Boolean checkHosting)
   at System.Windows.Forms.ListView.ApplyUpdateCachedItems()
   at System.Windows.Forms.ListView.EndUpdate()
   at VixenModules.Editor.TimedSequenceEditor.Form_ToolPalette.Populate_Gradients()
   at System.EventHandler.Invoke(Object sender, EventArgs e)
   at VixenModules.App.ColorGradients.ColorGradientLibrary.AddColorGradient(String name, ColorGradient cg)
   at System.Windows.Forms.Button.OnMouseUp(MouseEventArgs mevent)
   at System.Windows.Forms.Control.WmMouseUp(Message& m, MouseButtons button, Int32 clicks)
   at System.Windows.Forms.Control.WndProc(Message& m)
   at System.Windows.Forms.ButtonBase.WndProc(Message& m)
   at System.Windows.Forms.Button.WndProc(Message& m)
   at System.Windows.Forms.NativeWindow.Callback(IntPtr hWnd, Int32 msg, IntPtr wparam, IntPtr lparam)    at System.Windows.Forms.ListView.InsertItems(Int32 displayIndex, ListViewItem[] items, Boolean checkHosting)
   at System.Windows.Forms.ListView.ApplyUpdateCachedItems()
   at System.Windows.Forms.ListView.EndUpdate()
   at VixenModules.Editor.TimedSequenceEditor.Form_ToolPalette.Populate_Gradients()
   at System.EventHandler.Invoke(Object sender, EventArgs e)
   at VixenModules.App.ColorGradients.ColorGradientLibrary.AddColorGradient(String name, ColorGradient cg)
   at System.Windows.Forms.Button.OnMouseUp(MouseEventArgs mevent)
   at System.Windows.Forms.Control.WmMouseUp(Message& m, MouseButtons button, Int32 clicks)
   at System.Windows.Forms.Control.WndProc(Message& m)
   at System.Windows.Forms.ButtonBase.WndProc(Message& m)
   at System.Windows.Forms.Button.WndProc(Message& m)
   at System.Windows.Forms.NativeWindow.Callback(IntPtr hWnd, Int32 msg, IntPtr wparam, IntPtr lparam)
